# JRE version: OpenJDK Runtime Environment Temurin-21.0.8+9 (21.0.8+9) (build 21.0.8+9-LTS)
# Java VM: OpenJDK 64-Bit Server VM Temurin-21.0.8+9 (21.0.8+9-LTS, mixed mode, sharing, tiered, compressed oops, compressed class ptrs, parallel gc, windows-amd64)
GC Precious Log:
 CardTable entry size: 512
 CPUs: 16 total, 16 available
 Memory: 16099M
 Large Page Support: Disabled
 NUMA Support: Disabled
 Compressed Oops: Enabled (32-bit)
 Alignments: Space 512K, Generation 512K, Heap 2M
 Heap Min Capacity: 100M
 Heap Initial Capacity: 100M
 Heap Max Capacity: 2G
 Pre-touch: Disabled
 Parallel Workers: 13
Heap:
 PSYoungGen      total 9728K, used 7537K [0x00000000d5580000, 0x00000000d6100000, 0x0000000100000000)
  eden space 7168K, 85% used [0x00000000d5580000,0x00000000d5b96ca8,0x00000000d5c80000)
  from space 2560K, 53% used [0x00000000d5c80000,0x00000000d5dd8360,0x00000000d5f00000)
  to   space 2048K, 0% used [0x00000000d5f00000,0x00000000d5f00000,0x00000000d6100000)
 ParOldGen       total 195584K, used 195102K [0x0000000080000000, 0x000000008bf00000, 0x00000000d5580000)
  object space 195584K, 99% used [0x0000000080000000,0x000000008be87b10,0x000000008bf00000)
 Metaspace       used 52324K, committed 53568K, reserved 1114112K
  class space    used 5580K, committed 6144K, reserved 1048576K
GC Heap History (20 events):
Event: 5.769 GC heap after
{Heap after GC invocations=82 (full 2):
 PSYoungGen      total 4608K, used 1568K [0x00000000d5580000, 0x00000000d5c80000, 0x0000000100000000)
  eden space 2560K, 0% used [0x00000000d5580000,0x00000000d5580000,0x00000000d5800000)
  from space 2048K, 76% used [0x00000000d5a80000,0x00000000d5c08000,0x00000000d5c80000)
  to   space 2048K, 0% used [0x00000000d5880000,0x00000000d5880000,0x00000000d5a80000)
 ParOldGen       total 175104K, used 174939K [0x0000000080000000, 0x000000008ab00000, 0x00000000d5580000)
  object space 175104K, 99% used [0x0000000080000000,0x000000008aad6d20,0x000000008ab00000)
 Metaspace       used 51512K, committed 52736K, reserved 1114112K
  class space    used 5504K, committed 6016K, reserved 1048576K
}
Event: 5.771 GC heap before
{Heap before GC invocations=83 (full 2):
 PSYoungGen      total 4608K, used 4128K [0x00000000d5580000, 0x00000000d5c80000, 0x0000000100000000)
  eden space 2560K, 100% used [0x00000000d5580000,0x00000000d5800000,0x00000000d5800000)
  from space 2048K, 76% used [0x00000000d5a80000,0x00000000d5c08000,0x00000000d5c80000)
  to   space 2048K, 0% used [0x00000000d5880000,0x00000000d5880000,0x00000000d5a80000)
 ParOldGen       total 175104K, used 174939K [0x0000000080000000, 0x000000008ab00000, 0x00000000d5580000)
  object space 175104K, 99% used [0x0000000080000000,0x000000008aad6d20,0x000000008ab00000)
 Metaspace       used 51512K, committed 52736K, reserved 1114112K
  class space    used 5504K, committed 6016K, reserved 1048576K
}
Event: 5.772 GC heap after
{Heap after GC invocations=83 (full 2):
 PSYoungGen      total 4096K, used 985K [0x00000000d5580000, 0x00000000d5b80000, 0x0000000100000000)
  eden space 3072K, 0% used [0x00000000d5580000,0x00000000d5580000,0x00000000d5880000)
  from space 1024K, 96% used [0x00000000d5880000,0x00000000d5976660,0x00000000d5980000)
  to   space 1536K, 0% used [0x00000000d5a00000,0x00000000d5a00000,0x00000000d5b80000)
 ParOldGen       total 176640K, used 176314K [0x0000000080000000, 0x000000008ac80000, 0x00000000d5580000)
  object space 176640K, 99% used [0x0000000080000000,0x000000008ac2e890,0x000000008ac80000)
 Metaspace       used 51512K, committed 52736K, reserved 1114112K
  class space    used 5504K, committed 6016K, reserved 1048576K
}
Event: 5.779 GC heap before
{Heap before GC invocations=84 (full 2):
 PSYoungGen      total 4096K, used 4057K [0x00000000d5580000, 0x00000000d5b80000, 0x0000000100000000)
  eden space 3072K, 99% used [0x00000000d5580000,0x00000000d587fff8,0x00000000d5880000)
  from space 1024K, 96% used [0x00000000d5880000,0x00000000d5976660,0x00000000d5980000)
  to   space 1536K, 0% used [0x00000000d5a00000,0x00000000d5a00000,0x00000000d5b80000)
 ParOldGen       total 176640K, used 176314K [0x0000000080000000, 0x000000008ac80000, 0x00000000d5580000)
  object space 176640K, 99% used [0x0000000080000000,0x000000008ac2e890,0x000000008ac80000)
 Metaspace       used 51522K, committed 52736K, reserved 1114112K
  class space    used 5504K, committed 6016K, reserved 1048576K
}
Event: 5.780 GC heap after
{Heap after GC invocations=84 (full 2):
 PSYoungGen      total 5120K, used 969K [0x00000000d5580000, 0x00000000d5b80000, 0x0000000100000000)
  eden space 3584K, 0% used [0x00000000d5580000,0x00000000d5580000,0x00000000d5900000)
  from space 1536K, 63% used [0x00000000d5a00000,0x00000000d5af25c0,0x00000000d5b80000)
  to   space 1024K, 0% used [0x00000000d5900000,0x00000000d5900000,0x00000000d5a00000)
 ParOldGen       total 177152K, used 177130K [0x0000000080000000, 0x000000008ad00000, 0x00000000d5580000)
  object space 177152K, 99% used [0x0000000080000000,0x000000008acfabc0,0x000000008ad00000)
 Metaspace       used 51522K, committed 52736K, reserved 1114112K
  class space    used 5504K, committed 6016K, reserved 1048576K
}
Event: 5.781 GC heap before
{Heap before GC invocations=85 (full 2):
 PSYoungGen      total 5120K, used 4553K [0x00000000d5580000, 0x00000000d5b80000, 0x0000000100000000)
  eden space 3584K, 99% used [0x00000000d5580000,0x00000000d58ffff8,0x00000000d5900000)
  from space 1536K, 63% used [0x00000000d5a00000,0x00000000d5af25c0,0x00000000d5b80000)
  to   space 1024K, 0% used [0x00000000d5900000,0x00000000d5900000,0x00000000d5a00000)
 ParOldGen       total 177152K, used 177130K [0x0000000080000000, 0x000000008ad00000, 0x00000000d5580000)
  object space 177152K, 99% used [0x0000000080000000,0x000000008acfabc0,0x000000008ad00000)
 Metaspace       used 51522K, committed 52736K, reserved 1114112K
  class space    used 5504K, committed 6016K, reserved 1048576K
}
Event: 5.782 GC heap after
{Heap after GC invocations=85 (full 2):
 PSYoungGen      total 4608K, used 1024K [0x00000000d5580000, 0x00000000d6200000, 0x0000000100000000)
  eden space 3584K, 0% used [0x00000000d5580000,0x00000000d5580000,0x00000000d5900000)
  from space 1024K, 100% used [0x00000000d5900000,0x00000000d5a00000,0x00000000d5a00000)
  to   space 4096K, 0% used [0x00000000d5e00000,0x00000000d5e00000,0x00000000d6200000)
 ParOldGen       total 179712K, used 179559K [0x0000000080000000, 0x000000008af80000, 0x00000000d5580000)
  object space 179712K, 99% used [0x0000000080000000,0x000000008af59fa8,0x000000008af80000)
 Metaspace       used 51522K, committed 52736K, reserved 1114112K
  class space    used 5504K, committed 6016K, reserved 1048576K
}
Event: 5.783 GC heap before
{Heap before GC invocations=86 (full 2):
 PSYoungGen      total 4608K, used 4608K [0x00000000d5580000, 0x00000000d6200000, 0x0000000100000000)
  eden space 3584K, 100% used [0x00000000d5580000,0x00000000d5900000,0x00000000d5900000)
  from space 1024K, 100% used [0x00000000d5900000,0x00000000d5a00000,0x00000000d5a00000)
  to   space 4096K, 0% used [0x00000000d5e00000,0x00000000d5e00000,0x00000000d6200000)
 ParOldGen       total 179712K, used 179559K [0x0000000080000000, 0x000000008af80000, 0x00000000d5580000)
  object space 179712K, 99% used [0x0000000080000000,0x000000008af59fa8,0x000000008af80000)
 Metaspace       used 51522K, committed 52736K, reserved 1114112K
  class space    used 5504K, committed 6016K, reserved 1048576K
}
Event: 5.784 GC heap after
{Heap after GC invocations=86 (full 2):
 PSYoungGen      total 7680K, used 2624K [0x00000000d5580000, 0x00000000d6100000, 0x0000000100000000)
  eden space 4608K, 0% used [0x00000000d5580000,0x00000000d5580000,0x00000000d5a00000)
  from space 3072K, 85% used [0x00000000d5e00000,0x00000000d6090030,0x00000000d6100000)
  to   space 3072K, 0% used [0x00000000d5b00000,0x00000000d5b00000,0x00000000d5e00000)
 ParOldGen       total 180736K, used 180603K [0x0000000080000000, 0x000000008b080000, 0x00000000d5580000)
  object space 180736K, 99% used [0x0000000080000000,0x000000008b05eff0,0x000000008b080000)
 Metaspace       used 51522K, committed 52736K, reserved 1114112K
  class space    used 5504K, committed 6016K, reserved 1048576K
}
Event: 5.788 GC heap before
{Heap before GC invocations=87 (full 2):
 PSYoungGen      total 7680K, used 7232K [0x00000000d5580000, 0x00000000d6100000, 0x0000000100000000)
  eden space 4608K, 100% used [0x00000000d5580000,0x00000000d5a00000,0x00000000d5a00000)
  from space 3072K, 85% used [0x00000000d5e00000,0x00000000d6090030,0x00000000d6100000)
  to   space 3072K, 0% used [0x00000000d5b00000,0x00000000d5b00000,0x00000000d5e00000)
 ParOldGen       total 180736K, used 180603K [0x0000000080000000, 0x000000008b080000, 0x00000000d5580000)
  object space 180736K, 99% used [0x0000000080000000,0x000000008b05eff0,0x000000008b080000)
 Metaspace       used 51534K, committed 52800K, reserved 1114112K
  class space    used 5504K, committed 6016K, reserved 1048576K
}
Event: 5.789 GC heap after
{Heap after GC invocations=87 (full 2):
 PSYoungGen      total 8192K, used 2076K [0x00000000d5580000, 0x00000000d6000000, 0x0000000100000000)
  eden space 5632K, 0% used [0x00000000d5580000,0x00000000d5580000,0x00000000d5b00000)
  from space 2560K, 81% used [0x00000000d5b00000,0x00000000d5d073d8,0x00000000d5d80000)
  to   space 2560K, 0% used [0x00000000d5d80000,0x00000000d5d80000,0x00000000d6000000)
 ParOldGen       total 183296K, used 182985K [0x0000000080000000, 0x000000008b300000, 0x00000000d5580000)
  object space 183296K, 99% used [0x0000000080000000,0x000000008b2b2488,0x000000008b300000)
 Metaspace       used 51534K, committed 52800K, reserved 1114112K
  class space    used 5504K, committed 6016K, reserved 1048576K
}
Event: 5.801 GC heap before
{Heap before GC invocations=88 (full 2):
 PSYoungGen      total 8192K, used 7708K [0x00000000d5580000, 0x00000000d6000000, 0x0000000100000000)
  eden space 5632K, 100% used [0x00000000d5580000,0x00000000d5b00000,0x00000000d5b00000)
  from space 2560K, 81% used [0x00000000d5b00000,0x00000000d5d073d8,0x00000000d5d80000)
  to   space 2560K, 0% used [0x00000000d5d80000,0x00000000d5d80000,0x00000000d6000000)
 ParOldGen       total 183296K, used 182985K [0x0000000080000000, 0x000000008b300000, 0x00000000d5580000)
  object space 183296K, 99% used [0x0000000080000000,0x000000008b2b2488,0x000000008b300000)
 Metaspace       used 51604K, committed 52800K, reserved 1114112K
  class space    used 5512K, committed 6016K, reserved 1048576K
}
Event: 5.803 GC heap after
{Heap after GC invocations=88 (full 2):
 PSYoungGen      total 8704K, used 1408K [0x00000000d5580000, 0x00000000d6080000, 0x0000000100000000)
  eden space 6144K, 0% used [0x00000000d5580000,0x00000000d5580000,0x00000000d5b80000)
  from space 2560K, 55% used [0x00000000d5d80000,0x00000000d5ee0000,0x00000000d6000000)
  to   space 2048K, 0% used [0x00000000d5b80000,0x00000000d5b80000,0x00000000d5d80000)
 ParOldGen       total 185344K, used 184842K [0x0000000080000000, 0x000000008b500000, 0x00000000d5580000)
  object space 185344K, 99% used [0x0000000080000000,0x000000008b482bf8,0x000000008b500000)
 Metaspace       used 51604K, committed 52800K, reserved 1114112K
  class space    used 5512K, committed 6016K, reserved 1048576K
}
Event: 5.814 GC heap before
{Heap before GC invocations=89 (full 2):
 PSYoungGen      total 8704K, used 7552K [0x00000000d5580000, 0x00000000d6080000, 0x0000000100000000)
  eden space 6144K, 100% used [0x00000000d5580000,0x00000000d5b80000,0x00000000d5b80000)
  from space 2560K, 55% used [0x00000000d5d80000,0x00000000d5ee0000,0x00000000d6000000)
  to   space 2048K, 0% used [0x00000000d5b80000,0x00000000d5b80000,0x00000000d5d80000)
 ParOldGen       total 185344K, used 184842K [0x0000000080000000, 0x000000008b500000, 0x00000000d5580000)
  object space 185344K, 99% used [0x0000000080000000,0x000000008b482bf8,0x000000008b500000)
 Metaspace       used 51753K, committed 52928K, reserved 1114112K
  class space    used 5521K, committed 6016K, reserved 1048576K
}
Event: 6.826 GC heap after
{Heap after GC invocations=89 (full 2):
 PSYoungGen      total 8192K, used 1736K [0x00000000d5580000, 0x00000000d6100000, 0x0000000100000000)
  eden space 6144K, 0% used [0x00000000d5580000,0x00000000d5580000,0x00000000d5b80000)
  from space 2048K, 84% used [0x00000000d5b80000,0x00000000d5d32338,0x00000000d5d80000)
  to   space 2048K, 0% used [0x00000000d5f00000,0x00000000d5f00000,0x00000000d6100000)
 ParOldGen       total 186368K, used 186048K [0x0000000080000000, 0x000000008b600000, 0x00000000d5580000)
  object space 186368K, 99% used [0x0000000080000000,0x000000008b5b0208,0x000000008b600000)
 Metaspace       used 51753K, committed 52928K, reserved 1114112K
  class space    used 5521K, committed 6016K, reserved 1048576K
}
Event: 6.852 GC heap before
{Heap before GC invocations=90 (full 2):
 PSYoungGen      total 8192K, used 7880K [0x00000000d5580000, 0x00000000d6100000, 0x0000000100000000)
  eden space 6144K, 100% used [0x00000000d5580000,0x00000000d5b80000,0x00000000d5b80000)
  from space 2048K, 84% used [0x00000000d5b80000,0x00000000d5d32338,0x00000000d5d80000)
  to   space 2048K, 0% used [0x00000000d5f00000,0x00000000d5f00000,0x00000000d6100000)
 ParOldGen       total 186368K, used 186048K [0x0000000080000000, 0x000000008b600000, 0x00000000d5580000)
  object space 186368K, 99% used [0x0000000080000000,0x000000008b5b0208,0x000000008b600000)
 Metaspace       used 51877K, committed 53056K, reserved 1114112K
  class space    used 5523K, committed 6016K, reserved 1048576K
}
Event: 6.854 GC heap after
{Heap after GC invocations=90 (full 2):
 PSYoungGen      total 7168K, used 2017K [0x00000000d5580000, 0x00000000d6600000, 0x0000000100000000)
  eden space 5120K, 0% used [0x00000000d5580000,0x00000000d5580000,0x00000000d5a80000)
  from space 2048K, 98% used [0x00000000d5f00000,0x00000000d60f8708,0x00000000d6100000)
  to   space 4608K, 0% used [0x00000000d5a80000,0x00000000d5a80000,0x00000000d5f00000)
 ParOldGen       total 188416K, used 188168K [0x0000000080000000, 0x000000008b800000, 0x00000000d5580000)
  object space 188416K, 99% used [0x0000000080000000,0x000000008b7c21a0,0x000000008b800000)
 Metaspace       used 51877K, committed 53056K, reserved 1114112K
  class space    used 5523K, committed 6016K, reserved 1048576K
}
Event: 6.858 GC heap before
{Heap before GC invocations=91 (full 2):
 PSYoungGen      total 7168K, used 7137K [0x00000000d5580000, 0x00000000d6600000, 0x0000000100000000)
  eden space 5120K, 99% used [0x00000000d5580000,0x00000000d5a7fff8,0x00000000d5a80000)
  from space 2048K, 98% used [0x00000000d5f00000,0x00000000d60f8708,0x00000000d6100000)
  to   space 4608K, 0% used [0x00000000d5a80000,0x00000000d5a80000,0x00000000d5f00000)
 ParOldGen       total 188416K, used 188168K [0x0000000080000000, 0x000000008b800000, 0x00000000d5580000)
  object space 188416K, 99% used [0x0000000080000000,0x000000008b7c21a0,0x000000008b800000)
 Metaspace       used 51881K, committed 53056K, reserved 1114112K
  class space    used 5524K, committed 6016K, reserved 1048576K
}
Event: 6.860 GC heap after
{Heap after GC invocations=91 (full 2):
 PSYoungGen      total 9728K, used 3520K [0x00000000d5580000, 0x00000000d6380000, 0x0000000100000000)
  eden space 5120K, 0% used [0x00000000d5580000,0x00000000d5580000,0x00000000d5a80000)
  from space 4608K, 76% used [0x00000000d5a80000,0x00000000d5df0000,0x00000000d5f00000)
  to   space 4096K, 0% used [0x00000000d5f80000,0x00000000d5f80000,0x00000000d6380000)
 ParOldGen       total 190464K, used 190018K [0x0000000080000000, 0x000000008ba00000, 0x00000000d5580000)
  object space 190464K, 99% used [0x0000000080000000,0x000000008b9909d0,0x000000008ba00000)
 Metaspace       used 51881K, committed 53056K, reserved 1114112K
  class space    used 5524K, committed 6016K, reserved 1048576K
}
Event: 6.874 GC heap before
{Heap before GC invocations=92 (full 2):
 PSYoungGen      total 9728K, used 8640K [0x00000000d5580000, 0x00000000d6380000, 0x0000000100000000)
  eden space 5120K, 100% used [0x00000000d5580000,0x00000000d5a80000,0x00000000d5a80000)
  from space 4608K, 76% used [0x00000000d5a80000,0x00000000d5df0000,0x00000000d5f00000)
  to   space 4096K, 0% used [0x00000000d5f80000,0x00000000d5f80000,0x00000000d6380000)
 ParOldGen       total 190464K, used 190018K [0x0000000080000000, 0x000000008ba00000, 0x00000000d5580000)
  object space 190464K, 99% used [0x0000000080000000,0x000000008b9909d0,0x000000008ba00000)
 Metaspace       used 51946K, committed 53184K, reserved 1114112K
  class space    used 5527K, committed 6080K, reserved 1048576K
}

