# JRE version: OpenJDK Runtime Environment Temurin-21.0.8+9 (21.0.8+9) (build 21.0.8+9-LTS)
# Java VM: OpenJDK 64-Bit Server VM Temurin-21.0.8+9 (21.0.8+9-LTS, mixed mode, sharing, tiered, compressed oops, compressed class ptrs, parallel gc, windows-amd64)
GC Precious Log:
 CardTable entry size: 512
 CPUs: 16 total, 16 available
 Memory: 16099M
 Large Page Support: Disabled
 NUMA Support: Disabled
 Compressed Oops: Enabled (32-bit)
 Alignments: Space 512K, Generation 512K, Heap 2M
 Heap Min Capacity: 100M
 Heap Initial Capacity: 100M
 Heap Max Capacity: 2G
 Pre-touch: Disabled
 Parallel Workers: 13
Heap:
 PSYoungGen      total 6656K, used 6459K [0x00000000d5580000, 0x00000000d5d80000, 0x0000000100000000)
  eden space 5120K, 100% used [0x00000000d5580000,0x00000000d5a80000,0x00000000d5a80000)
  from space 1536K, 87% used [0x00000000d5c00000,0x00000000d5d4ec78,0x00000000d5d80000)
  to   space 1536K, 76% used [0x00000000d5a80000,0x00000000d5ba6ed8,0x00000000d5c00000)
 ParOldGen       total 219648K, used 219642K [0x0000000080000000, 0x000000008d680000, 0x00000000d5580000)
  object space 219648K, 99% used [0x0000000080000000,0x000000008d67ea60,0x000000008d680000)
 Metaspace       used 53099K, committed 54336K, reserved 1114112K
  class space    used 5686K, committed 6272K, reserved 1048576K
GC Heap History (20 events):
Event: 5.534 GC heap before
{Heap before GC invocations=114 (full 2):
 PSYoungGen      total 6656K, used 6339K [0x00000000d5580000, 0x00000000d5d80000, 0x0000000100000000)
  eden space 5120K, 100% used [0x00000000d5580000,0x00000000d5a80000,0x00000000d5a80000)
  from space 1536K, 79% used [0x00000000d5a80000,0x00000000d5bb0d60,0x00000000d5c00000)
  to   space 1536K, 0% used [0x00000000d5c00000,0x00000000d5c00000,0x00000000d5d80000)
 ParOldGen       total 206848K, used 206606K [0x0000000080000000, 0x000000008ca00000, 0x00000000d5580000)
  object space 206848K, 99% used [0x0000000080000000,0x000000008c9c3a30,0x000000008ca00000)
 Metaspace       used 52577K, committed 53888K, reserved 1114112K
  class space    used 5601K, committed 6208K, reserved 1048576K
}
Event: 5.535 GC heap after
{Heap after GC invocations=114 (full 2):
 PSYoungGen      total 6656K, used 1324K [0x00000000d5580000, 0x00000000d5d80000, 0x0000000100000000)
  eden space 5120K, 0% used [0x00000000d5580000,0x00000000d5580000,0x00000000d5a80000)
  from space 1536K, 86% used [0x00000000d5c00000,0x00000000d5d4b0a0,0x00000000d5d80000)
  to   space 1536K, 0% used [0x00000000d5a80000,0x00000000d5a80000,0x00000000d5c00000)
 ParOldGen       total 207872K, used 207599K [0x0000000080000000, 0x000000008cb00000, 0x00000000d5580000)
  object space 207872K, 99% used [0x0000000080000000,0x000000008cabbf30,0x000000008cb00000)
 Metaspace       used 52577K, committed 53888K, reserved 1114112K
  class space    used 5601K, committed 6208K, reserved 1048576K
}
Event: 5.547 GC heap before
{Heap before GC invocations=115 (full 2):
 PSYoungGen      total 6656K, used 6433K [0x00000000d5580000, 0x00000000d5d80000, 0x0000000100000000)
  eden space 5120K, 99% used [0x00000000d5580000,0x00000000d5a7d708,0x00000000d5a80000)
  from space 1536K, 86% used [0x00000000d5c00000,0x00000000d5d4b0a0,0x00000000d5d80000)
  to   space 1536K, 0% used [0x00000000d5a80000,0x00000000d5a80000,0x00000000d5c00000)
 ParOldGen       total 207872K, used 207599K [0x0000000080000000, 0x000000008cb00000, 0x00000000d5580000)
  object space 207872K, 99% used [0x0000000080000000,0x000000008cabbf30,0x000000008cb00000)
 Metaspace       used 52666K, committed 53952K, reserved 1114112K
  class space    used 5614K, committed 6208K, reserved 1048576K
}
Event: 5.549 GC heap after
{Heap after GC invocations=115 (full 2):
 PSYoungGen      total 6656K, used 1253K [0x00000000d5580000, 0x00000000d5d80000, 0x0000000100000000)
  eden space 5120K, 0% used [0x00000000d5580000,0x00000000d5580000,0x00000000d5a80000)
  from space 1536K, 81% used [0x00000000d5a80000,0x00000000d5bb94a8,0x00000000d5c00000)
  to   space 1536K, 0% used [0x00000000d5c00000,0x00000000d5c00000,0x00000000d5d80000)
 ParOldGen       total 208896K, used 208703K [0x0000000080000000, 0x000000008cc00000, 0x00000000d5580000)
  object space 208896K, 99% used [0x0000000080000000,0x000000008cbcffb8,0x000000008cc00000)
 Metaspace       used 52666K, committed 53952K, reserved 1114112K
  class space    used 5614K, committed 6208K, reserved 1048576K
}
Event: 5.561 GC heap before
{Heap before GC invocations=116 (full 2):
 PSYoungGen      total 6656K, used 6373K [0x00000000d5580000, 0x00000000d5d80000, 0x0000000100000000)
  eden space 5120K, 100% used [0x00000000d5580000,0x00000000d5a80000,0x00000000d5a80000)
  from space 1536K, 81% used [0x00000000d5a80000,0x00000000d5bb94a8,0x00000000d5c00000)
  to   space 1536K, 0% used [0x00000000d5c00000,0x00000000d5c00000,0x00000000d5d80000)
 ParOldGen       total 208896K, used 208703K [0x0000000080000000, 0x000000008cc00000, 0x00000000d5580000)
  object space 208896K, 99% used [0x0000000080000000,0x000000008cbcffb8,0x000000008cc00000)
 Metaspace       used 52729K, committed 54016K, reserved 1114112K
  class space    used 5622K, committed 6208K, reserved 1048576K
}
Event: 5.562 GC heap after
{Heap after GC invocations=116 (full 2):
 PSYoungGen      total 6656K, used 1320K [0x00000000d5580000, 0x00000000d5d80000, 0x0000000100000000)
  eden space 5120K, 0% used [0x00000000d5580000,0x00000000d5580000,0x00000000d5a80000)
  from space 1536K, 85% used [0x00000000d5c00000,0x00000000d5d4a0a8,0x00000000d5d80000)
  to   space 1536K, 0% used [0x00000000d5a80000,0x00000000d5a80000,0x00000000d5c00000)
 ParOldGen       total 209920K, used 209776K [0x0000000080000000, 0x000000008cd00000, 0x00000000d5580000)
  object space 209920K, 99% used [0x0000000080000000,0x000000008ccdc290,0x000000008cd00000)
 Metaspace       used 52729K, committed 54016K, reserved 1114112K
  class space    used 5622K, committed 6208K, reserved 1048576K
}
Event: 5.574 GC heap before
{Heap before GC invocations=117 (full 2):
 PSYoungGen      total 6656K, used 6440K [0x00000000d5580000, 0x00000000d5d80000, 0x0000000100000000)
  eden space 5120K, 100% used [0x00000000d5580000,0x00000000d5a80000,0x00000000d5a80000)
  from space 1536K, 85% used [0x00000000d5c00000,0x00000000d5d4a0a8,0x00000000d5d80000)
  to   space 1536K, 0% used [0x00000000d5a80000,0x00000000d5a80000,0x00000000d5c00000)
 ParOldGen       total 209920K, used 209776K [0x0000000080000000, 0x000000008cd00000, 0x00000000d5580000)
  object space 209920K, 99% used [0x0000000080000000,0x000000008ccdc290,0x000000008cd00000)
 Metaspace       used 52814K, committed 54016K, reserved 1114112K
  class space    used 5637K, committed 6208K, reserved 1048576K
}
Event: 5.575 GC heap after
{Heap after GC invocations=117 (full 2):
 PSYoungGen      total 6656K, used 1280K [0x00000000d5580000, 0x00000000d5d80000, 0x0000000100000000)
  eden space 5120K, 0% used [0x00000000d5580000,0x00000000d5580000,0x00000000d5a80000)
  from space 1536K, 83% used [0x00000000d5a80000,0x00000000d5bc00f8,0x00000000d5c00000)
  to   space 1536K, 0% used [0x00000000d5c00000,0x00000000d5c00000,0x00000000d5d80000)
 ParOldGen       total 210944K, used 210901K [0x0000000080000000, 0x000000008ce00000, 0x00000000d5580000)
  object space 210944K, 99% used [0x0000000080000000,0x000000008cdf5480,0x000000008ce00000)
 Metaspace       used 52814K, committed 54016K, reserved 1114112K
  class space    used 5637K, committed 6208K, reserved 1048576K
}
Event: 5.589 GC heap before
{Heap before GC invocations=118 (full 2):
 PSYoungGen      total 6656K, used 6400K [0x00000000d5580000, 0x00000000d5d80000, 0x0000000100000000)
  eden space 5120K, 100% used [0x00000000d5580000,0x00000000d5a80000,0x00000000d5a80000)
  from space 1536K, 83% used [0x00000000d5a80000,0x00000000d5bc00f8,0x00000000d5c00000)
  to   space 1536K, 0% used [0x00000000d5c00000,0x00000000d5c00000,0x00000000d5d80000)
 ParOldGen       total 210944K, used 210901K [0x0000000080000000, 0x000000008ce00000, 0x00000000d5580000)
  object space 210944K, 99% used [0x0000000080000000,0x000000008cdf5480,0x000000008ce00000)
 Metaspace       used 52920K, committed 54144K, reserved 1114112K
  class space    used 5657K, committed 6208K, reserved 1048576K
}
Event: 5.591 GC heap after
{Heap after GC invocations=118 (full 2):
 PSYoungGen      total 6656K, used 1318K [0x00000000d5580000, 0x00000000d5d80000, 0x0000000100000000)
  eden space 5120K, 0% used [0x00000000d5580000,0x00000000d5580000,0x00000000d5a80000)
  from space 1536K, 85% used [0x00000000d5c00000,0x00000000d5d49800,0x00000000d5d80000)
  to   space 1536K, 0% used [0x00000000d5a80000,0x00000000d5a80000,0x00000000d5c00000)
 ParOldGen       total 211968K, used 211923K [0x0000000080000000, 0x000000008cf00000, 0x00000000d5580000)
  object space 211968K, 99% used [0x0000000080000000,0x000000008cef4ca8,0x000000008cf00000)
 Metaspace       used 52920K, committed 54144K, reserved 1114112K
  class space    used 5657K, committed 6208K, reserved 1048576K
}
Event: 5.604 GC heap before
{Heap before GC invocations=119 (full 2):
 PSYoungGen      total 6656K, used 6438K [0x00000000d5580000, 0x00000000d5d80000, 0x0000000100000000)
  eden space 5120K, 100% used [0x00000000d5580000,0x00000000d5a80000,0x00000000d5a80000)
  from space 1536K, 85% used [0x00000000d5c00000,0x00000000d5d49800,0x00000000d5d80000)
  to   space 1536K, 0% used [0x00000000d5a80000,0x00000000d5a80000,0x00000000d5c00000)
 ParOldGen       total 211968K, used 211923K [0x0000000080000000, 0x000000008cf00000, 0x00000000d5580000)
  object space 211968K, 99% used [0x0000000080000000,0x000000008cef4ca8,0x000000008cf00000)
 Metaspace       used 52968K, committed 54208K, reserved 1114112K
  class space    used 5662K, committed 6272K, reserved 1048576K
}
Event: 5.605 GC heap after
{Heap after GC invocations=119 (full 2):
 PSYoungGen      total 6656K, used 1405K [0x00000000d5580000, 0x00000000d5d80000, 0x0000000100000000)
  eden space 5120K, 0% used [0x00000000d5580000,0x00000000d5580000,0x00000000d5a80000)
  from space 1536K, 91% used [0x00000000d5a80000,0x00000000d5bdf770,0x00000000d5c00000)
  to   space 1536K, 0% used [0x00000000d5c00000,0x00000000d5c00000,0x00000000d5d80000)
 ParOldGen       total 213504K, used 213053K [0x0000000080000000, 0x000000008d080000, 0x00000000d5580000)
  object space 213504K, 99% used [0x0000000080000000,0x000000008d00f510,0x000000008d080000)
 Metaspace       used 52968K, committed 54208K, reserved 1114112K
  class space    used 5662K, committed 6272K, reserved 1048576K
}
Event: 5.617 GC heap before
{Heap before GC invocations=120 (full 2):
 PSYoungGen      total 6656K, used 6524K [0x00000000d5580000, 0x00000000d5d80000, 0x0000000100000000)
  eden space 5120K, 99% used [0x00000000d5580000,0x00000000d5a7fae0,0x00000000d5a80000)
  from space 1536K, 91% used [0x00000000d5a80000,0x00000000d5bdf770,0x00000000d5c00000)
  to   space 1536K, 0% used [0x00000000d5c00000,0x00000000d5c00000,0x00000000d5d80000)
 ParOldGen       total 213504K, used 213053K [0x0000000080000000, 0x000000008d080000, 0x00000000d5580000)
  object space 213504K, 99% used [0x0000000080000000,0x000000008d00f510,0x000000008d080000)
 Metaspace       used 52990K, committed 54272K, reserved 1114112K
  class space    used 5664K, committed 6272K, reserved 1048576K
}
Event: 5.619 GC heap after
{Heap after GC invocations=120 (full 2):
 PSYoungGen      total 6656K, used 1342K [0x00000000d5580000, 0x00000000d5d80000, 0x0000000100000000)
  eden space 5120K, 0% used [0x00000000d5580000,0x00000000d5580000,0x00000000d5a80000)
  from space 1536K, 87% used [0x00000000d5c00000,0x00000000d5d4fb08,0x00000000d5d80000)
  to   space 1536K, 0% used [0x00000000d5a80000,0x00000000d5a80000,0x00000000d5c00000)
 ParOldGen       total 214528K, used 214232K [0x0000000080000000, 0x000000008d180000, 0x00000000d5580000)
  object space 214528K, 99% used [0x0000000080000000,0x000000008d136158,0x000000008d180000)
 Metaspace       used 52990K, committed 54272K, reserved 1114112K
  class space    used 5664K, committed 6272K, reserved 1048576K
}
Event: 5.630 GC heap before
{Heap before GC invocations=121 (full 2):
 PSYoungGen      total 6656K, used 6462K [0x00000000d5580000, 0x00000000d5d80000, 0x0000000100000000)
  eden space 5120K, 100% used [0x00000000d5580000,0x00000000d5a80000,0x00000000d5a80000)
  from space 1536K, 87% used [0x00000000d5c00000,0x00000000d5d4fb08,0x00000000d5d80000)
  to   space 1536K, 0% used [0x00000000d5a80000,0x00000000d5a80000,0x00000000d5c00000)
 ParOldGen       total 214528K, used 214232K [0x0000000080000000, 0x000000008d180000, 0x00000000d5580000)
  object space 214528K, 99% used [0x0000000080000000,0x000000008d136158,0x000000008d180000)
 Metaspace       used 53035K, committed 54272K, reserved 1114112K
  class space    used 5667K, committed 6272K, reserved 1048576K
}
Event: 5.631 GC heap after
{Heap after GC invocations=121 (full 2):
 PSYoungGen      total 6656K, used 1232K [0x00000000d5580000, 0x00000000d5d80000, 0x0000000100000000)
  eden space 5120K, 0% used [0x00000000d5580000,0x00000000d5580000,0x00000000d5a80000)
  from space 1536K, 80% used [0x00000000d5a80000,0x00000000d5bb4188,0x00000000d5c00000)
  to   space 1536K, 0% used [0x00000000d5c00000,0x00000000d5c00000,0x00000000d5d80000)
 ParOldGen       total 215552K, used 215355K [0x0000000080000000, 0x000000008d280000, 0x00000000d5580000)
  object space 215552K, 99% used [0x0000000080000000,0x000000008d24ec70,0x000000008d280000)
 Metaspace       used 53035K, committed 54272K, reserved 1114112K
  class space    used 5667K, committed 6272K, reserved 1048576K
}
Event: 5.641 GC heap before
{Heap before GC invocations=122 (full 2):
 PSYoungGen      total 6656K, used 6352K [0x00000000d5580000, 0x00000000d5d80000, 0x0000000100000000)
  eden space 5120K, 100% used [0x00000000d5580000,0x00000000d5a80000,0x00000000d5a80000)
  from space 1536K, 80% used [0x00000000d5a80000,0x00000000d5bb4188,0x00000000d5c00000)
  to   space 1536K, 0% used [0x00000000d5c00000,0x00000000d5c00000,0x00000000d5d80000)
 ParOldGen       total 215552K, used 215355K [0x0000000080000000, 0x000000008d280000, 0x00000000d5580000)
  object space 215552K, 99% used [0x0000000080000000,0x000000008d24ec70,0x000000008d280000)
 Metaspace       used 53064K, committed 54336K, reserved 1114112K
  class space    used 5673K, committed 6272K, reserved 1048576K
}
Event: 5.643 GC heap after
{Heap after GC invocations=122 (full 2):
 PSYoungGen      total 6656K, used 1140K [0x00000000d5580000, 0x00000000d5d80000, 0x0000000100000000)
  eden space 5120K, 0% used [0x00000000d5580000,0x00000000d5580000,0x00000000d5a80000)
  from space 1536K, 74% used [0x00000000d5c00000,0x00000000d5d1d250,0x00000000d5d80000)
  to   space 1536K, 0% used [0x00000000d5a80000,0x00000000d5a80000,0x00000000d5c00000)
 ParOldGen       total 216576K, used 216375K [0x0000000080000000, 0x000000008d380000, 0x00000000d5580000)
  object space 216576K, 99% used [0x0000000080000000,0x000000008d34dec0,0x000000008d380000)
 Metaspace       used 53064K, committed 54336K, reserved 1114112K
  class space    used 5673K, committed 6272K, reserved 1048576K
}
Event: 5.653 GC heap before
{Heap before GC invocations=123 (full 2):
 PSYoungGen      total 6656K, used 6260K [0x00000000d5580000, 0x00000000d5d80000, 0x0000000100000000)
  eden space 5120K, 100% used [0x00000000d5580000,0x00000000d5a80000,0x00000000d5a80000)
  from space 1536K, 74% used [0x00000000d5c00000,0x00000000d5d1d250,0x00000000d5d80000)
  to   space 1536K, 0% used [0x00000000d5a80000,0x00000000d5a80000,0x00000000d5c00000)
 ParOldGen       total 216576K, used 216375K [0x0000000080000000, 0x000000008d380000, 0x00000000d5580000)
  object space 216576K, 99% used [0x0000000080000000,0x000000008d34dec0,0x000000008d380000)
 Metaspace       used 53086K, committed 54336K, reserved 1114112K
  class space    used 5681K, committed 6272K, reserved 1048576K
}
Event: 5.654 GC heap after
{Heap after GC invocations=123 (full 2):
 PSYoungGen      total 6656K, used 1094K [0x00000000d5580000, 0x00000000d5d80000, 0x0000000100000000)
  eden space 5120K, 0% used [0x00000000d5580000,0x00000000d5580000,0x00000000d5a80000)
  from space 1536K, 71% used [0x00000000d5a80000,0x00000000d5b91a60,0x00000000d5c00000)
  to   space 1536K, 0% used [0x00000000d5c00000,0x00000000d5c00000,0x00000000d5d80000)
 ParOldGen       total 217600K, used 217329K [0x0000000080000000, 0x000000008d480000, 0x00000000d5580000)
  object space 217600K, 99% used [0x0000000080000000,0x000000008d43c7a0,0x000000008d480000)
 Metaspace       used 53086K, committed 54336K, reserved 1114112K
  class space    used 5681K, committed 6272K, reserved 1048576K
}

