# JRE version: OpenJDK Runtime Environment Temurin-21.0.10+7 (21.0.10+7) (build 21.0.10+7-LTS)
# Java VM: OpenJDK 64-Bit Server VM Temurin-21.0.10+7 (21.0.10+7-LTS, mixed mode, sharing, tiered, compressed oops, compressed class ptrs, parallel gc, windows-amd64)
GC Precious Log:
 CardTable entry size: 512
 CPUs: 22 total, 22 available
 Memory: 32212M
 Large Page Support: Disabled
 NUMA Support: Disabled
 Compressed Oops: Enabled (32-bit)
 Alignments: Space 512K, Generation 512K, Heap 2M
 Heap Min Capacity: 100M
 Heap Initial Capacity: 100M
 Heap Max Capacity: 2G
 Pre-touch: Disabled
 Parallel Workers: 16
Heap:
 PSYoungGen      total 2048K, used 1051K [0x00000000d5580000, 0x00000000d5880000, 0x0000000100000000)
  eden space 1024K, 41% used [0x00000000d5580000,0x00000000d55e9ce8,0x00000000d5680000)
  from space 1024K, 61% used [0x00000000d5680000,0x00000000d571d2f0,0x00000000d5780000)
  to   space 1024K, 0% used [0x00000000d5780000,0x00000000d5780000,0x00000000d5880000)
 ParOldGen       total 196096K, used 157768K [0x0000000080000000, 0x000000008bf80000, 0x00000000d5580000)
  object space 196096K, 80% used [0x0000000080000000,0x0000000089a12010,0x000000008bf80000)
 Metaspace       used 77188K, committed 78976K, reserved 1179648K
  class space    used 7800K, committed 8576K, reserved 1048576K
GC Heap History (20 events):
Event: 18946.915 GC heap before
{Heap before GC invocations=474 (full 4):
 PSYoungGen      total 3072K, used 2522K [0x00000000d5580000, 0x00000000d5980000, 0x0000000100000000)
  eden space 2048K, 100% used [0x00000000d5580000,0x00000000d5780000,0x00000000d5780000)
  from space 1024K, 46% used [0x00000000d5780000,0x00000000d57f6900,0x00000000d5880000)
  to   space 1024K, 0% used [0x00000000d5880000,0x00000000d5880000,0x00000000d5980000)
 ParOldGen       total 196096K, used 148660K [0x0000000080000000, 0x000000008bf80000, 0x00000000d5580000)
  object space 196096K, 75% used [0x0000000080000000,0x000000008912d098,0x000000008bf80000)
 Metaspace       used 77181K, committed 78976K, reserved 1179648K
  class space    used 7799K, committed 8576K, reserved 1048576K
}
Event: 18946.916 GC heap after
{Heap after GC invocations=474 (full 4):
 PSYoungGen      total 1536K, used 1015K [0x00000000d5580000, 0x00000000d5c80000, 0x0000000100000000)
  eden space 512K, 0% used [0x00000000d5580000,0x00000000d5580000,0x00000000d5600000)
  from space 1024K, 99% used [0x00000000d5880000,0x00000000d597dc30,0x00000000d5980000)
  to   space 2560K, 0% used [0x00000000d5600000,0x00000000d5600000,0x00000000d5880000)
 ParOldGen       total 196096K, used 149480K [0x0000000080000000, 0x000000008bf80000, 0x00000000d5580000)
  object space 196096K, 76% used [0x0000000080000000,0x00000000891fa068,0x000000008bf80000)
 Metaspace       used 77181K, committed 78976K, reserved 1179648K
  class space    used 7799K, committed 8576K, reserved 1048576K
}
Event: 18946.919 GC heap before
{Heap before GC invocations=475 (full 4):
 PSYoungGen      total 1536K, used 1527K [0x00000000d5580000, 0x00000000d5c80000, 0x0000000100000000)
  eden space 512K, 100% used [0x00000000d5580000,0x00000000d5600000,0x00000000d5600000)
  from space 1024K, 99% used [0x00000000d5880000,0x00000000d597dc30,0x00000000d5980000)
  to   space 2560K, 0% used [0x00000000d5600000,0x00000000d5600000,0x00000000d5880000)
 ParOldGen       total 196096K, used 149480K [0x0000000080000000, 0x000000008bf80000, 0x00000000d5580000)
  object space 196096K, 76% used [0x0000000080000000,0x00000000891fa068,0x000000008bf80000)
 Metaspace       used 77181K, committed 78976K, reserved 1179648K
  class space    used 7799K, committed 8576K, reserved 1048576K
}
Event: 18946.921 GC heap after
{Heap after GC invocations=475 (full 4):
 PSYoungGen      total 1536K, used 669K [0x00000000d5580000, 0x00000000d5900000, 0x0000000100000000)
  eden space 512K, 0% used [0x00000000d5580000,0x00000000d5580000,0x00000000d5600000)
  from space 1024K, 65% used [0x00000000d5600000,0x00000000d56a74e0,0x00000000d5700000)
  to   space 1536K, 0% used [0x00000000d5780000,0x00000000d5780000,0x00000000d5900000)
 ParOldGen       total 196096K, used 150561K [0x0000000080000000, 0x000000008bf80000, 0x00000000d5580000)
  object space 196096K, 76% used [0x0000000080000000,0x00000000893086f8,0x000000008bf80000)
 Metaspace       used 77181K, committed 78976K, reserved 1179648K
  class space    used 7799K, committed 8576K, reserved 1048576K
}
Event: 18946.923 GC heap before
{Heap before GC invocations=476 (full 4):
 PSYoungGen      total 1536K, used 1181K [0x00000000d5580000, 0x00000000d5900000, 0x0000000100000000)
  eden space 512K, 100% used [0x00000000d5580000,0x00000000d5600000,0x00000000d5600000)
  from space 1024K, 65% used [0x00000000d5600000,0x00000000d56a74e0,0x00000000d5700000)
  to   space 1536K, 0% used [0x00000000d5780000,0x00000000d5780000,0x00000000d5900000)
 ParOldGen       total 196096K, used 150561K [0x0000000080000000, 0x000000008bf80000, 0x00000000d5580000)
  object space 196096K, 76% used [0x0000000080000000,0x00000000893086f8,0x000000008bf80000)
 Metaspace       used 77181K, committed 78976K, reserved 1179648K
  class space    used 7799K, committed 8576K, reserved 1048576K
}
Event: 18946.925 GC heap after
{Heap after GC invocations=476 (full 4):
 PSYoungGen      total 2048K, used 829K [0x00000000d5580000, 0x00000000d5880000, 0x0000000100000000)
  eden space 1024K, 0% used [0x00000000d5580000,0x00000000d5580000,0x00000000d5680000)
  from space 1024K, 80% used [0x00000000d5780000,0x00000000d584f4d8,0x00000000d5880000)
  to   space 1024K, 0% used [0x00000000d5680000,0x00000000d5680000,0x00000000d5780000)
 ParOldGen       total 196096K, used 151011K [0x0000000080000000, 0x000000008bf80000, 0x00000000d5580000)
  object space 196096K, 77% used [0x0000000080000000,0x0000000089378ce8,0x000000008bf80000)
 Metaspace       used 77181K, committed 78976K, reserved 1179648K
  class space    used 7799K, committed 8576K, reserved 1048576K
}
Event: 18946.935 GC heap before
{Heap before GC invocations=477 (full 4):
 PSYoungGen      total 2048K, used 1853K [0x00000000d5580000, 0x00000000d5880000, 0x0000000100000000)
  eden space 1024K, 99% used [0x00000000d5580000,0x00000000d567ffe8,0x00000000d5680000)
  from space 1024K, 80% used [0x00000000d5780000,0x00000000d584f4d8,0x00000000d5880000)
  to   space 1024K, 0% used [0x00000000d5680000,0x00000000d5680000,0x00000000d5780000)
 ParOldGen       total 196096K, used 151787K [0x0000000080000000, 0x000000008bf80000, 0x00000000d5580000)
  object space 196096K, 77% used [0x0000000080000000,0x000000008943adf0,0x000000008bf80000)
 Metaspace       used 77181K, committed 78976K, reserved 1179648K
  class space    used 7799K, committed 8576K, reserved 1048576K
}
Event: 18946.936 GC heap after
{Heap after GC invocations=477 (full 4):
 PSYoungGen      total 2048K, used 995K [0x00000000d5580000, 0x00000000d5a80000, 0x0000000100000000)
  eden space 1024K, 0% used [0x00000000d5580000,0x00000000d5580000,0x00000000d5680000)
  from space 1024K, 97% used [0x00000000d5680000,0x00000000d5778da0,0x00000000d5780000)
  to   space 2048K, 0% used [0x00000000d5880000,0x00000000d5880000,0x00000000d5a80000)
 ParOldGen       total 196096K, used 152304K [0x0000000080000000, 0x000000008bf80000, 0x00000000d5580000)
  object space 196096K, 77% used [0x0000000080000000,0x00000000894bc0c8,0x000000008bf80000)
 Metaspace       used 77181K, committed 78976K, reserved 1179648K
  class space    used 7799K, committed 8576K, reserved 1048576K
}
Event: 18946.943 GC heap before
{Heap before GC invocations=478 (full 4):
 PSYoungGen      total 2048K, used 2019K [0x00000000d5580000, 0x00000000d5a80000, 0x0000000100000000)
  eden space 1024K, 100% used [0x00000000d5580000,0x00000000d5680000,0x00000000d5680000)
  from space 1024K, 97% used [0x00000000d5680000,0x00000000d5778da0,0x00000000d5780000)
  to   space 2048K, 0% used [0x00000000d5880000,0x00000000d5880000,0x00000000d5a80000)
 ParOldGen       total 196096K, used 153068K [0x0000000080000000, 0x000000008bf80000, 0x00000000d5580000)
  object space 196096K, 78% used [0x0000000080000000,0x000000008957b2a8,0x000000008bf80000)
 Metaspace       used 77181K, committed 78976K, reserved 1179648K
  class space    used 7799K, committed 8576K, reserved 1048576K
}
Event: 18946.945 GC heap after
{Heap after GC invocations=478 (full 4):
 PSYoungGen      total 2560K, used 1081K [0x00000000d5580000, 0x00000000d5a00000, 0x0000000100000000)
  eden space 1024K, 0% used [0x00000000d5580000,0x00000000d5580000,0x00000000d5680000)
  from space 1536K, 70% used [0x00000000d5880000,0x00000000d598e428,0x00000000d5a00000)
  to   space 1536K, 0% used [0x00000000d5700000,0x00000000d5700000,0x00000000d5880000)
 ParOldGen       total 196096K, used 153911K [0x0000000080000000, 0x000000008bf80000, 0x00000000d5580000)
  object space 196096K, 78% used [0x0000000080000000,0x000000008964de58,0x000000008bf80000)
 Metaspace       used 77181K, committed 78976K, reserved 1179648K
  class space    used 7799K, committed 8576K, reserved 1048576K
}
Event: 18946.951 GC heap before
{Heap before GC invocations=479 (full 4):
 PSYoungGen      total 2560K, used 2105K [0x00000000d5580000, 0x00000000d5a00000, 0x0000000100000000)
  eden space 1024K, 100% used [0x00000000d5580000,0x00000000d5680000,0x00000000d5680000)
  from space 1536K, 70% used [0x00000000d5880000,0x00000000d598e428,0x00000000d5a00000)
  to   space 1536K, 0% used [0x00000000d5700000,0x00000000d5700000,0x00000000d5880000)
 ParOldGen       total 196096K, used 153911K [0x0000000080000000, 0x000000008bf80000, 0x00000000d5580000)
  object space 196096K, 78% used [0x0000000080000000,0x000000008964de58,0x000000008bf80000)
 Metaspace       used 77181K, committed 78976K, reserved 1179648K
  class space    used 7799K, committed 8576K, reserved 1048576K
}
Event: 18946.952 GC heap after
{Heap after GC invocations=479 (full 4):
 PSYoungGen      total 2560K, used 1145K [0x00000000d5580000, 0x00000000d5980000, 0x0000000100000000)
  eden space 1024K, 0% used [0x00000000d5580000,0x00000000d5580000,0x00000000d5680000)
  from space 1536K, 74% used [0x00000000d5700000,0x00000000d581e688,0x00000000d5880000)
  to   space 1024K, 0% used [0x00000000d5880000,0x00000000d5880000,0x00000000d5980000)
 ParOldGen       total 196096K, used 154731K [0x0000000080000000, 0x000000008bf80000, 0x00000000d5580000)
  object space 196096K, 78% used [0x0000000080000000,0x000000008971ace0,0x000000008bf80000)
 Metaspace       used 77181K, committed 78976K, reserved 1179648K
  class space    used 7799K, committed 8576K, reserved 1048576K
}
Event: 18946.958 GC heap before
{Heap before GC invocations=480 (full 4):
 PSYoungGen      total 2560K, used 2169K [0x00000000d5580000, 0x00000000d5980000, 0x0000000100000000)
  eden space 1024K, 100% used [0x00000000d5580000,0x00000000d5680000,0x00000000d5680000)
  from space 1536K, 74% used [0x00000000d5700000,0x00000000d581e688,0x00000000d5880000)
  to   space 1024K, 0% used [0x00000000d5880000,0x00000000d5880000,0x00000000d5980000)
 ParOldGen       total 196096K, used 154731K [0x0000000080000000, 0x000000008bf80000, 0x00000000d5580000)
  object space 196096K, 78% used [0x0000000080000000,0x000000008971ace0,0x000000008bf80000)
 Metaspace       used 77181K, committed 78976K, reserved 1179648K
  class space    used 7799K, committed 8576K, reserved 1048576K
}
Event: 18946.960 GC heap after
{Heap after GC invocations=480 (full 4):
 PSYoungGen      total 2048K, used 999K [0x00000000d5580000, 0x00000000d5a80000, 0x0000000100000000)
  eden space 1024K, 0% used [0x00000000d5580000,0x00000000d5580000,0x00000000d5680000)
  from space 1024K, 97% used [0x00000000d5880000,0x00000000d5979cb8,0x00000000d5980000)
  to   space 2048K, 0% used [0x00000000d5680000,0x00000000d5680000,0x00000000d5880000)
 ParOldGen       total 196096K, used 155564K [0x0000000080000000, 0x000000008bf80000, 0x00000000d5580000)
  object space 196096K, 79% used [0x0000000080000000,0x00000000897eb080,0x000000008bf80000)
 Metaspace       used 77181K, committed 78976K, reserved 1179648K
  class space    used 7799K, committed 8576K, reserved 1048576K
}
Event: 18946.969 GC heap before
{Heap before GC invocations=481 (full 4):
 PSYoungGen      total 2048K, used 2023K [0x00000000d5580000, 0x00000000d5a80000, 0x0000000100000000)
  eden space 1024K, 100% used [0x00000000d5580000,0x00000000d5680000,0x00000000d5680000)
  from space 1024K, 97% used [0x00000000d5880000,0x00000000d5979cb8,0x00000000d5980000)
  to   space 2048K, 0% used [0x00000000d5680000,0x00000000d5680000,0x00000000d5880000)
 ParOldGen       total 196096K, used 155564K [0x0000000080000000, 0x000000008bf80000, 0x00000000d5580000)
  object space 196096K, 79% used [0x0000000080000000,0x00000000897eb080,0x000000008bf80000)
 Metaspace       used 77181K, committed 78976K, reserved 1179648K
  class space    used 7799K, committed 8576K, reserved 1048576K
}
Event: 18946.971 GC heap after
{Heap after GC invocations=481 (full 4):
 PSYoungGen      total 2048K, used 1022K [0x00000000d5580000, 0x00000000d5980000, 0x0000000100000000)
  eden space 1024K, 0% used [0x00000000d5580000,0x00000000d5580000,0x00000000d5680000)
  from space 1024K, 99% used [0x00000000d5680000,0x00000000d577f818,0x00000000d5780000)
  to   space 1536K, 0% used [0x00000000d5800000,0x00000000d5800000,0x00000000d5980000)
 ParOldGen       total 196096K, used 156400K [0x0000000080000000, 0x000000008bf80000, 0x00000000d5580000)
  object space 196096K, 79% used [0x0000000080000000,0x00000000898bc2d0,0x000000008bf80000)
 Metaspace       used 77181K, committed 78976K, reserved 1179648K
  class space    used 7799K, committed 8576K, reserved 1048576K
}
Event: 18946.977 GC heap before
{Heap before GC invocations=482 (full 4):
 PSYoungGen      total 2048K, used 2046K [0x00000000d5580000, 0x00000000d5980000, 0x0000000100000000)
  eden space 1024K, 100% used [0x00000000d5580000,0x00000000d5680000,0x00000000d5680000)
  from space 1024K, 99% used [0x00000000d5680000,0x00000000d577f818,0x00000000d5780000)
  to   space 1536K, 0% used [0x00000000d5800000,0x00000000d5800000,0x00000000d5980000)
 ParOldGen       total 196096K, used 156400K [0x0000000080000000, 0x000000008bf80000, 0x00000000d5580000)
  object space 196096K, 79% used [0x0000000080000000,0x00000000898bc2d0,0x000000008bf80000)
 Metaspace       used 77184K, committed 78976K, reserved 1179648K
  class space    used 7799K, committed 8576K, reserved 1048576K
}
Event: 18946.979 GC heap after
{Heap after GC invocations=482 (full 4):
 PSYoungGen      total 2048K, used 768K [0x00000000d5580000, 0x00000000d5900000, 0x0000000100000000)
  eden space 1024K, 0% used [0x00000000d5580000,0x00000000d5580000,0x00000000d5680000)
  from space 1024K, 75% used [0x00000000d5800000,0x00000000d58c0000,0x00000000d5900000)
  to   space 1024K, 0% used [0x00000000d5680000,0x00000000d5680000,0x00000000d5780000)
 ParOldGen       total 196096K, used 157232K [0x0000000080000000, 0x000000008bf80000, 0x00000000d5580000)
  object space 196096K, 80% used [0x0000000080000000,0x000000008998c010,0x000000008bf80000)
 Metaspace       used 77184K, committed 78976K, reserved 1179648K
  class space    used 7799K, committed 8576K, reserved 1048576K
}
Event: 18946.987 GC heap before
{Heap before GC invocations=483 (full 4):
 PSYoungGen      total 2048K, used 1791K [0x00000000d5580000, 0x00000000d5900000, 0x0000000100000000)
  eden space 1024K, 99% used [0x00000000d5580000,0x00000000d567ffe8,0x00000000d5680000)
  from space 1024K, 75% used [0x00000000d5800000,0x00000000d58c0000,0x00000000d5900000)
  to   space 1024K, 0% used [0x00000000d5680000,0x00000000d5680000,0x00000000d5780000)
 ParOldGen       total 196096K, used 157232K [0x0000000080000000, 0x000000008bf80000, 0x00000000d5580000)
  object space 196096K, 80% used [0x0000000080000000,0x000000008998c010,0x000000008bf80000)
 Metaspace       used 77185K, committed 78976K, reserved 1179648K
  class space    used 7799K, committed 8576K, reserved 1048576K
}
Event: 18946.989 GC heap after
{Heap after GC invocations=483 (full 4):
 PSYoungGen      total 2048K, used 628K [0x00000000d5580000, 0x00000000d5880000, 0x0000000100000000)
  eden space 1024K, 0% used [0x00000000d5580000,0x00000000d5580000,0x00000000d5680000)
  from space 1024K, 61% used [0x00000000d5680000,0x00000000d571d2f0,0x00000000d5780000)
  to   space 1024K, 0% used [0x00000000d5780000,0x00000000d5780000,0x00000000d5880000)
 ParOldGen       total 196096K, used 157768K [0x0000000080000000, 0x000000008bf80000, 0x00000000d5580000)
  object space 196096K, 80% used [0x0000000080000000,0x0000000089a12010,0x000000008bf80000)
 Metaspace       used 77185K, committed 78976K, reserved 1179648K
  class space    used 7799K, committed 8576K, reserved 1048576K
}

