# JRE version: OpenJDK Runtime Environment Temurin-21.0.8+9 (21.0.8+9) (build 21.0.8+9-LTS)
# Java VM: OpenJDK 64-Bit Server VM Temurin-21.0.8+9 (21.0.8+9-LTS, mixed mode, sharing, tiered, compressed oops, compressed class ptrs, parallel gc, windows-amd64)
GC Precious Log:
 CardTable entry size: 512
 CPUs: 16 total, 16 available
 Memory: 16099M
 Large Page Support: Disabled
 NUMA Support: Disabled
 Compressed Oops: Enabled (32-bit)
 Alignments: Space 512K, Generation 512K, Heap 2M
 Heap Min Capacity: 100M
 Heap Initial Capacity: 100M
 Heap Max Capacity: 2G
 Pre-touch: Disabled
 Parallel Workers: 13
Heap:
 PSYoungGen      total 20992K, used 8179K [0x00000000d5580000, 0x00000000d6f80000, 0x0000000100000000)
  eden space 17408K, 28% used [0x00000000d5580000,0x00000000d5a4d3d8,0x00000000d6680000)
  from space 3584K, 91% used [0x00000000d6680000,0x00000000d69af9e0,0x00000000d6a00000)
  to   space 4608K, 0% used [0x00000000d6b00000,0x00000000d6b00000,0x00000000d6f80000)
 ParOldGen       total 68608K, used 47087K [0x0000000080000000, 0x0000000084300000, 0x00000000d5580000)
  object space 68608K, 68% used [0x0000000080000000,0x0000000082dfbd18,0x0000000084300000)
 Metaspace       used 44005K, committed 45312K, reserved 1114112K
  class space    used 4551K, committed 5120K, reserved 1048576K
GC Heap History (20 events):
Event: 11.791 GC heap before
{Heap before GC invocations=17 (full 2):
 PSYoungGen      total 24576K, used 24462K [0x00000000d5580000, 0x00000000d7180000, 0x0000000100000000)
  eden space 22016K, 100% used [0x00000000d5580000,0x00000000d6b00000,0x00000000d6b00000)
  from space 2560K, 95% used [0x00000000d6f00000,0x00000000d7163b58,0x00000000d7180000)
  to   space 3072K, 0% used [0x00000000d6b80000,0x00000000d6b80000,0x00000000d6e80000)
 ParOldGen       total 68608K, used 20588K [0x0000000080000000, 0x0000000084300000, 0x00000000d5580000)
  object space 68608K, 30% used [0x0000000080000000,0x000000008141b280,0x0000000084300000)
 Metaspace       used 38663K, committed 39872K, reserved 1114112K
  class space    used 3919K, committed 4480K, reserved 1048576K
}
Event: 11.794 GC heap after
{Heap after GC invocations=17 (full 2):
 PSYoungGen      total 24576K, used 2048K [0x00000000d5580000, 0x00000000d7000000, 0x0000000100000000)
  eden space 22016K, 0% used [0x00000000d5580000,0x00000000d5580000,0x00000000d6b00000)
  from space 2560K, 80% used [0x00000000d6b80000,0x00000000d6d80060,0x00000000d6e00000)
  to   space 2048K, 0% used [0x00000000d6e00000,0x00000000d6e00000,0x00000000d7000000)
 ParOldGen       total 68608K, used 22734K [0x0000000080000000, 0x0000000084300000, 0x00000000d5580000)
  object space 68608K, 33% used [0x0000000080000000,0x0000000081633b18,0x0000000084300000)
 Metaspace       used 38663K, committed 39872K, reserved 1114112K
  class space    used 3919K, committed 4480K, reserved 1048576K
}
Event: 11.837 GC heap before
{Heap before GC invocations=18 (full 2):
 PSYoungGen      total 24576K, used 24064K [0x00000000d5580000, 0x00000000d7000000, 0x0000000100000000)
  eden space 22016K, 100% used [0x00000000d5580000,0x00000000d6b00000,0x00000000d6b00000)
  from space 2560K, 80% used [0x00000000d6b80000,0x00000000d6d80060,0x00000000d6e00000)
  to   space 2048K, 0% used [0x00000000d6e00000,0x00000000d6e00000,0x00000000d7000000)
 ParOldGen       total 68608K, used 22734K [0x0000000080000000, 0x0000000084300000, 0x00000000d5580000)
  object space 68608K, 33% used [0x0000000080000000,0x0000000081633b18,0x0000000084300000)
 Metaspace       used 39331K, committed 40576K, reserved 1114112K
  class space    used 3990K, committed 4544K, reserved 1048576K
}
Event: 11.839 GC heap after
{Heap after GC invocations=18 (full 2):
 PSYoungGen      total 24064K, used 2016K [0x00000000d5580000, 0x00000000d7000000, 0x0000000100000000)
  eden space 22016K, 0% used [0x00000000d5580000,0x00000000d5580000,0x00000000d6b00000)
  from space 2048K, 98% used [0x00000000d6e00000,0x00000000d6ff8010,0x00000000d7000000)
  to   space 2560K, 0% used [0x00000000d6b00000,0x00000000d6b00000,0x00000000d6d80000)
 ParOldGen       total 68608K, used 24542K [0x0000000080000000, 0x0000000084300000, 0x00000000d5580000)
  object space 68608K, 35% used [0x0000000080000000,0x00000000817f7b78,0x0000000084300000)
 Metaspace       used 39331K, committed 40576K, reserved 1114112K
  class space    used 3990K, committed 4544K, reserved 1048576K
}
Event: 11.926 GC heap before
{Heap before GC invocations=19 (full 2):
 PSYoungGen      total 24064K, used 24032K [0x00000000d5580000, 0x00000000d7000000, 0x0000000100000000)
  eden space 22016K, 100% used [0x00000000d5580000,0x00000000d6b00000,0x00000000d6b00000)
  from space 2048K, 98% used [0x00000000d6e00000,0x00000000d6ff8010,0x00000000d7000000)
  to   space 2560K, 0% used [0x00000000d6b00000,0x00000000d6b00000,0x00000000d6d80000)
 ParOldGen       total 68608K, used 24542K [0x0000000080000000, 0x0000000084300000, 0x00000000d5580000)
  object space 68608K, 35% used [0x0000000080000000,0x00000000817f7b78,0x0000000084300000)
 Metaspace       used 40397K, committed 41600K, reserved 1114112K
  class space    used 4118K, committed 4672K, reserved 1048576K
}
Event: 11.928 GC heap after
{Heap after GC invocations=19 (full 2):
 PSYoungGen      total 24576K, used 2320K [0x00000000d5580000, 0x00000000d7000000, 0x0000000100000000)
  eden space 22016K, 0% used [0x00000000d5580000,0x00000000d5580000,0x00000000d6b00000)
  from space 2560K, 90% used [0x00000000d6b00000,0x00000000d6d440a8,0x00000000d6d80000)
  to   space 2560K, 0% used [0x00000000d6d80000,0x00000000d6d80000,0x00000000d7000000)
 ParOldGen       total 68608K, used 26286K [0x0000000080000000, 0x0000000084300000, 0x00000000d5580000)
  object space 68608K, 38% used [0x0000000080000000,0x00000000819abb98,0x0000000084300000)
 Metaspace       used 40397K, committed 41600K, reserved 1114112K
  class space    used 4118K, committed 4672K, reserved 1048576K
}
Event: 11.964 GC heap before
{Heap before GC invocations=20 (full 2):
 PSYoungGen      total 24576K, used 24336K [0x00000000d5580000, 0x00000000d7000000, 0x0000000100000000)
  eden space 22016K, 100% used [0x00000000d5580000,0x00000000d6b00000,0x00000000d6b00000)
  from space 2560K, 90% used [0x00000000d6b00000,0x00000000d6d440a8,0x00000000d6d80000)
  to   space 2560K, 0% used [0x00000000d6d80000,0x00000000d6d80000,0x00000000d7000000)
 ParOldGen       total 68608K, used 26286K [0x0000000080000000, 0x0000000084300000, 0x00000000d5580000)
  object space 68608K, 38% used [0x0000000080000000,0x00000000819abb98,0x0000000084300000)
 Metaspace       used 40605K, committed 41792K, reserved 1114112K
  class space    used 4138K, committed 4672K, reserved 1048576K
}
Event: 11.966 GC heap after
{Heap after GC invocations=20 (full 2):
 PSYoungGen      total 24576K, used 2467K [0x00000000d5580000, 0x00000000d7000000, 0x0000000100000000)
  eden space 22016K, 0% used [0x00000000d5580000,0x00000000d5580000,0x00000000d6b00000)
  from space 2560K, 96% used [0x00000000d6d80000,0x00000000d6fe8e38,0x00000000d7000000)
  to   space 2560K, 0% used [0x00000000d6b00000,0x00000000d6b00000,0x00000000d6d80000)
 ParOldGen       total 68608K, used 28403K [0x0000000080000000, 0x0000000084300000, 0x00000000d5580000)
  object space 68608K, 41% used [0x0000000080000000,0x0000000081bbcf30,0x0000000084300000)
 Metaspace       used 40605K, committed 41792K, reserved 1114112K
  class space    used 4138K, committed 4672K, reserved 1048576K
}
Event: 12.008 GC heap before
{Heap before GC invocations=21 (full 2):
 PSYoungGen      total 24576K, used 24483K [0x00000000d5580000, 0x00000000d7000000, 0x0000000100000000)
  eden space 22016K, 100% used [0x00000000d5580000,0x00000000d6b00000,0x00000000d6b00000)
  from space 2560K, 96% used [0x00000000d6d80000,0x00000000d6fe8e38,0x00000000d7000000)
  to   space 2560K, 0% used [0x00000000d6b00000,0x00000000d6b00000,0x00000000d6d80000)
 ParOldGen       total 68608K, used 28403K [0x0000000080000000, 0x0000000084300000, 0x00000000d5580000)
  object space 68608K, 41% used [0x0000000080000000,0x0000000081bbcf30,0x0000000084300000)
 Metaspace       used 40951K, committed 42240K, reserved 1114112K
  class space    used 4164K, committed 4736K, reserved 1048576K
}
Event: 12.009 GC heap after
{Heap after GC invocations=21 (full 2):
 PSYoungGen      total 24576K, used 2560K [0x00000000d5580000, 0x00000000d7100000, 0x0000000100000000)
  eden space 22016K, 0% used [0x00000000d5580000,0x00000000d5580000,0x00000000d6b00000)
  from space 2560K, 100% used [0x00000000d6b00000,0x00000000d6d80000,0x00000000d6d80000)
  to   space 3072K, 0% used [0x00000000d6e00000,0x00000000d6e00000,0x00000000d7100000)
 ParOldGen       total 68608K, used 30752K [0x0000000080000000, 0x0000000084300000, 0x00000000d5580000)
  object space 68608K, 44% used [0x0000000080000000,0x0000000081e08050,0x0000000084300000)
 Metaspace       used 40951K, committed 42240K, reserved 1114112K
  class space    used 4164K, committed 4736K, reserved 1048576K
}
Event: 12.047 GC heap before
{Heap before GC invocations=22 (full 2):
 PSYoungGen      total 24576K, used 24576K [0x00000000d5580000, 0x00000000d7100000, 0x0000000100000000)
  eden space 22016K, 100% used [0x00000000d5580000,0x00000000d6b00000,0x00000000d6b00000)
  from space 2560K, 100% used [0x00000000d6b00000,0x00000000d6d80000,0x00000000d6d80000)
  to   space 3072K, 0% used [0x00000000d6e00000,0x00000000d6e00000,0x00000000d7100000)
 ParOldGen       total 68608K, used 30752K [0x0000000080000000, 0x0000000084300000, 0x00000000d5580000)
  object space 68608K, 44% used [0x0000000080000000,0x0000000081e08050,0x0000000084300000)
 Metaspace       used 41260K, committed 42496K, reserved 1114112K
  class space    used 4202K, committed 4736K, reserved 1048576K
}
Event: 12.049 GC heap after
{Heap after GC invocations=22 (full 2):
 PSYoungGen      total 25088K, used 2584K [0x00000000d5580000, 0x00000000d7100000, 0x0000000100000000)
  eden space 22016K, 0% used [0x00000000d5580000,0x00000000d5580000,0x00000000d6b00000)
  from space 3072K, 84% used [0x00000000d6e00000,0x00000000d7086128,0x00000000d7100000)
  to   space 3072K, 0% used [0x00000000d6b00000,0x00000000d6b00000,0x00000000d6e00000)
 ParOldGen       total 68608K, used 33010K [0x0000000080000000, 0x0000000084300000, 0x00000000d5580000)
  object space 68608K, 48% used [0x0000000080000000,0x000000008203c8f8,0x0000000084300000)
 Metaspace       used 41260K, committed 42496K, reserved 1114112K
  class space    used 4202K, committed 4736K, reserved 1048576K
}
Event: 12.098 GC heap before
{Heap before GC invocations=23 (full 2):
 PSYoungGen      total 25088K, used 24600K [0x00000000d5580000, 0x00000000d7100000, 0x0000000100000000)
  eden space 22016K, 100% used [0x00000000d5580000,0x00000000d6b00000,0x00000000d6b00000)
  from space 3072K, 84% used [0x00000000d6e00000,0x00000000d7086128,0x00000000d7100000)
  to   space 3072K, 0% used [0x00000000d6b00000,0x00000000d6b00000,0x00000000d6e00000)
 ParOldGen       total 68608K, used 33010K [0x0000000080000000, 0x0000000084300000, 0x00000000d5580000)
  object space 68608K, 48% used [0x0000000080000000,0x000000008203c8f8,0x0000000084300000)
 Metaspace       used 41660K, committed 42944K, reserved 1114112K
  class space    used 4259K, committed 4800K, reserved 1048576K
}
Event: 12.101 GC heap after
{Heap after GC invocations=23 (full 2):
 PSYoungGen      total 25088K, used 2711K [0x00000000d5580000, 0x00000000d7100000, 0x0000000100000000)
  eden space 22016K, 0% used [0x00000000d5580000,0x00000000d5580000,0x00000000d6b00000)
  from space 3072K, 88% used [0x00000000d6b00000,0x00000000d6da5e38,0x00000000d6e00000)
  to   space 3072K, 0% used [0x00000000d6e00000,0x00000000d6e00000,0x00000000d7100000)
 ParOldGen       total 68608K, used 35397K [0x0000000080000000, 0x0000000084300000, 0x00000000d5580000)
  object space 68608K, 51% used [0x0000000080000000,0x00000000822917d0,0x0000000084300000)
 Metaspace       used 41660K, committed 42944K, reserved 1114112K
  class space    used 4259K, committed 4800K, reserved 1048576K
}
Event: 12.142 GC heap before
{Heap before GC invocations=24 (full 2):
 PSYoungGen      total 25088K, used 24727K [0x00000000d5580000, 0x00000000d7100000, 0x0000000100000000)
  eden space 22016K, 100% used [0x00000000d5580000,0x00000000d6b00000,0x00000000d6b00000)
  from space 3072K, 88% used [0x00000000d6b00000,0x00000000d6da5e38,0x00000000d6e00000)
  to   space 3072K, 0% used [0x00000000d6e00000,0x00000000d6e00000,0x00000000d7100000)
 ParOldGen       total 68608K, used 35397K [0x0000000080000000, 0x0000000084300000, 0x00000000d5580000)
  object space 68608K, 51% used [0x0000000080000000,0x00000000822917d0,0x0000000084300000)
 Metaspace       used 41995K, committed 43200K, reserved 1114112K
  class space    used 4295K, committed 4800K, reserved 1048576K
}
Event: 12.144 GC heap after
{Heap after GC invocations=24 (full 2):
 PSYoungGen      total 25088K, used 2708K [0x00000000d5580000, 0x00000000d7100000, 0x0000000100000000)
  eden space 22016K, 0% used [0x00000000d5580000,0x00000000d5580000,0x00000000d6b00000)
  from space 3072K, 88% used [0x00000000d6e00000,0x00000000d70a5290,0x00000000d7100000)
  to   space 3072K, 0% used [0x00000000d6b00000,0x00000000d6b00000,0x00000000d6e00000)
 ParOldGen       total 68608K, used 37840K [0x0000000080000000, 0x0000000084300000, 0x00000000d5580000)
  object space 68608K, 55% used [0x0000000080000000,0x00000000824f42a0,0x0000000084300000)
 Metaspace       used 41995K, committed 43200K, reserved 1114112K
  class space    used 4295K, committed 4800K, reserved 1048576K
}
Event: 12.178 GC heap before
{Heap before GC invocations=25 (full 2):
 PSYoungGen      total 25088K, used 24724K [0x00000000d5580000, 0x00000000d7100000, 0x0000000100000000)
  eden space 22016K, 99% used [0x00000000d5580000,0x00000000d6afffe8,0x00000000d6b00000)
  from space 3072K, 88% used [0x00000000d6e00000,0x00000000d70a5290,0x00000000d7100000)
  to   space 3072K, 0% used [0x00000000d6b00000,0x00000000d6b00000,0x00000000d6e00000)
 ParOldGen       total 68608K, used 37840K [0x0000000080000000, 0x0000000084300000, 0x00000000d5580000)
  object space 68608K, 55% used [0x0000000080000000,0x00000000824f42a0,0x0000000084300000)
 Metaspace       used 42271K, committed 43456K, reserved 1114112K
  class space    used 4329K, committed 4864K, reserved 1048576K
}
Event: 12.181 GC heap after
{Heap after GC invocations=25 (full 2):
 PSYoungGen      total 25088K, used 2680K [0x00000000d5580000, 0x00000000d7100000, 0x0000000100000000)
  eden space 22016K, 0% used [0x00000000d5580000,0x00000000d5580000,0x00000000d6b00000)
  from space 3072K, 87% used [0x00000000d6b00000,0x00000000d6d9e2c8,0x00000000d6e00000)
  to   space 3072K, 0% used [0x00000000d6e00000,0x00000000d6e00000,0x00000000d7100000)
 ParOldGen       total 68608K, used 40294K [0x0000000080000000, 0x0000000084300000, 0x00000000d5580000)
  object space 68608K, 58% used [0x0000000080000000,0x00000000827598c0,0x0000000084300000)
 Metaspace       used 42271K, committed 43456K, reserved 1114112K
  class space    used 4329K, committed 4864K, reserved 1048576K
}
Event: 12.261 GC heap before
{Heap before GC invocations=26 (full 2):
 PSYoungGen      total 25088K, used 24685K [0x00000000d5580000, 0x00000000d7100000, 0x0000000100000000)
  eden space 22016K, 99% used [0x00000000d5580000,0x00000000d6afd3a0,0x00000000d6b00000)
  from space 3072K, 87% used [0x00000000d6b00000,0x00000000d6d9e2c8,0x00000000d6e00000)
  to   space 3072K, 0% used [0x00000000d6e00000,0x00000000d6e00000,0x00000000d7100000)
 ParOldGen       total 68608K, used 40294K [0x0000000080000000, 0x0000000084300000, 0x00000000d5580000)
  object space 68608K, 58% used [0x0000000080000000,0x00000000827598c0,0x0000000084300000)
 Metaspace       used 43113K, committed 44416K, reserved 1114112K
  class space    used 4437K, committed 4992K, reserved 1048576K
}
Event: 12.264 GC heap after
{Heap after GC invocations=26 (full 2):
 PSYoungGen      total 20480K, used 3070K [0x00000000d5580000, 0x00000000d7a00000, 0x0000000100000000)
  eden space 17408K, 0% used [0x00000000d5580000,0x00000000d5580000,0x00000000d6680000)
  from space 3072K, 99% used [0x00000000d6e00000,0x00000000d70ff810,0x00000000d7100000)
  to   space 7680K, 0% used [0x00000000d6680000,0x00000000d6680000,0x00000000d6e00000)
 ParOldGen       total 68608K, used 44084K [0x0000000080000000, 0x0000000084300000, 0x00000000d5580000)
  object space 68608K, 64% used [0x0000000080000000,0x0000000082b0d2b8,0x0000000084300000)
 Metaspace       used 43113K, committed 44416K, reserved 1114112K
  class space    used 4437K, committed 4992K, reserved 1048576K
}

