# JRE version: OpenJDK Runtime Environment Temurin-21.0.9+10 (21.0.9+10) (build 21.0.9+10-LTS)
# Java VM: OpenJDK 64-Bit Server VM Temurin-21.0.9+10 (21.0.9+10-LTS, mixed mode, sharing, tiered, compressed oops, compressed class ptrs, parallel gc, windows-amd64)
GC Precious Log:
 CardTable entry size: 512
 CPUs: 22 total, 22 available
 Memory: 32212M
 Large Page Support: Disabled
 NUMA Support: Disabled
 Compressed Oops: Enabled (32-bit)
 Alignments: Space 512K, Generation 512K, Heap 2M
 Heap Min Capacity: 100M
 Heap Initial Capacity: 100M
 Heap Max Capacity: 2G
 Pre-touch: Disabled
 Parallel Workers: 16
Heap:
 PSYoungGen      total 13824K, used 7679K [0x00000000d5580000, 0x00000000d6400000, 0x0000000100000000)
  eden space 12800K, 56% used [0x00000000d5580000,0x00000000d5c87ff0,0x00000000d6200000)
  from space 1024K, 46% used [0x00000000d6200000,0x00000000d6278000,0x00000000d6300000)
  to   space 512K, 0% used [0x00000000d6380000,0x00000000d6380000,0x00000000d6400000)
 ParOldGen       total 164352K, used 82918K [0x0000000080000000, 0x000000008a080000, 0x00000000d5580000)
  object space 164352K, 50% used [0x0000000080000000,0x00000000850f9848,0x000000008a080000)
 Metaspace       used 79963K, committed 81728K, reserved 1179648K
  class space    used 8387K, committed 9152K, reserved 1048576K
GC Heap History (20 events):
Event: 37.402 GC heap before
{Heap before GC invocations=210 (full 3):
 PSYoungGen      total 13824K, used 13637K [0x00000000d5580000, 0x00000000d6600000, 0x0000000100000000)
  eden space 12800K, 100% used [0x00000000d5580000,0x00000000d6200000,0x00000000d6200000)
  from space 1024K, 81% used [0x00000000d6500000,0x00000000d65d1420,0x00000000d6600000)
  to   space 1536K, 0% used [0x00000000d6300000,0x00000000d6300000,0x00000000d6480000)
 ParOldGen       total 160768K, used 160732K [0x0000000080000000, 0x0000000089d00000, 0x00000000d5580000)
  object space 160768K, 99% used [0x0000000080000000,0x0000000089cf7148,0x0000000089d00000)
 Metaspace       used 76171K, committed 77824K, reserved 1179648K
  class space    used 7907K, committed 8640K, reserved 1048576K
}
Event: 37.403 GC heap after
{Heap after GC invocations=210 (full 3):
 PSYoungGen      total 14336K, used 1104K [0x00000000d5580000, 0x00000000d6580000, 0x0000000100000000)
  eden space 12800K, 0% used [0x00000000d5580000,0x00000000d5580000,0x00000000d6200000)
  from space 1536K, 71% used [0x00000000d6300000,0x00000000d6414030,0x00000000d6480000)
  to   space 1024K, 0% used [0x00000000d6480000,0x00000000d6480000,0x00000000d6580000)
 ParOldGen       total 161280K, used 161268K [0x0000000080000000, 0x0000000089d80000, 0x00000000d5580000)
  object space 161280K, 99% used [0x0000000080000000,0x0000000089d7d148,0x0000000089d80000)
 Metaspace       used 76171K, committed 77824K, reserved 1179648K
  class space    used 7907K, committed 8640K, reserved 1048576K
}
Event: 37.422 GC heap before
{Heap before GC invocations=211 (full 3):
 PSYoungGen      total 14336K, used 13904K [0x00000000d5580000, 0x00000000d6580000, 0x0000000100000000)
  eden space 12800K, 100% used [0x00000000d5580000,0x00000000d6200000,0x00000000d6200000)
  from space 1536K, 71% used [0x00000000d6300000,0x00000000d6414030,0x00000000d6480000)
  to   space 1024K, 0% used [0x00000000d6480000,0x00000000d6480000,0x00000000d6580000)
 ParOldGen       total 161280K, used 161268K [0x0000000080000000, 0x0000000089d80000, 0x00000000d5580000)
  object space 161280K, 99% used [0x0000000080000000,0x0000000089d7d148,0x0000000089d80000)
 Metaspace       used 76208K, committed 77888K, reserved 1179648K
  class space    used 7911K, committed 8640K, reserved 1048576K
}
Event: 37.423 GC heap after
{Heap after GC invocations=211 (full 3):
 PSYoungGen      total 13312K, used 480K [0x00000000d5580000, 0x00000000d6500000, 0x0000000100000000)
  eden space 12800K, 0% used [0x00000000d5580000,0x00000000d5580000,0x00000000d6200000)
  from space 512K, 93% used [0x00000000d6480000,0x00000000d64f8000,0x00000000d6500000)
  to   space 1024K, 0% used [0x00000000d6300000,0x00000000d6300000,0x00000000d6400000)
 ParOldGen       total 161792K, used 161744K [0x0000000080000000, 0x0000000089e00000, 0x00000000d5580000)
  object space 161792K, 99% used [0x0000000080000000,0x0000000089df4178,0x0000000089e00000)
 Metaspace       used 76208K, committed 77888K, reserved 1179648K
  class space    used 7911K, committed 8640K, reserved 1048576K
}
Event: 37.560 GC heap before
{Heap before GC invocations=212 (full 3):
 PSYoungGen      total 13312K, used 13280K [0x00000000d5580000, 0x00000000d6500000, 0x0000000100000000)
  eden space 12800K, 100% used [0x00000000d5580000,0x00000000d6200000,0x00000000d6200000)
  from space 512K, 93% used [0x00000000d6480000,0x00000000d64f8000,0x00000000d6500000)
  to   space 1024K, 0% used [0x00000000d6300000,0x00000000d6300000,0x00000000d6400000)
 ParOldGen       total 161792K, used 161744K [0x0000000080000000, 0x0000000089e00000, 0x00000000d5580000)
  object space 161792K, 99% used [0x0000000080000000,0x0000000089df4178,0x0000000089e00000)
 Metaspace       used 76276K, committed 77952K, reserved 1179648K
  class space    used 7919K, committed 8640K, reserved 1048576K
}
Event: 37.561 GC heap after
{Heap after GC invocations=212 (full 3):
 PSYoungGen      total 13824K, used 512K [0x00000000d5580000, 0x00000000d6500000, 0x0000000100000000)
  eden space 12800K, 0% used [0x00000000d5580000,0x00000000d5580000,0x00000000d6200000)
  from space 1024K, 50% used [0x00000000d6300000,0x00000000d6380000,0x00000000d6400000)
  to   space 1024K, 0% used [0x00000000d6400000,0x00000000d6400000,0x00000000d6500000)
 ParOldGen       total 162304K, used 161856K [0x0000000080000000, 0x0000000089e80000, 0x00000000d5580000)
  object space 162304K, 99% used [0x0000000080000000,0x0000000089e10178,0x0000000089e80000)
 Metaspace       used 76276K, committed 77952K, reserved 1179648K
  class space    used 7919K, committed 8640K, reserved 1048576K
}
Event: 37.670 GC heap before
{Heap before GC invocations=213 (full 3):
 PSYoungGen      total 13824K, used 13311K [0x00000000d5580000, 0x00000000d6500000, 0x0000000100000000)
  eden space 12800K, 99% used [0x00000000d5580000,0x00000000d61fffb8,0x00000000d6200000)
  from space 1024K, 50% used [0x00000000d6300000,0x00000000d6380000,0x00000000d6400000)
  to   space 1024K, 0% used [0x00000000d6400000,0x00000000d6400000,0x00000000d6500000)
 ParOldGen       total 162304K, used 161856K [0x0000000080000000, 0x0000000089e80000, 0x00000000d5580000)
  object space 162304K, 99% used [0x0000000080000000,0x0000000089e10178,0x0000000089e80000)
 Metaspace       used 77307K, committed 79040K, reserved 1179648K
  class space    used 8035K, committed 8832K, reserved 1048576K
}
Event: 37.671 GC heap after
{Heap after GC invocations=213 (full 3):
 PSYoungGen      total 13824K, used 858K [0x00000000d5580000, 0x00000000d6500000, 0x0000000100000000)
  eden space 12800K, 0% used [0x00000000d5580000,0x00000000d5580000,0x00000000d6200000)
  from space 1024K, 83% used [0x00000000d6400000,0x00000000d64d6908,0x00000000d6500000)
  to   space 1024K, 0% used [0x00000000d6300000,0x00000000d6300000,0x00000000d6400000)
 ParOldGen       total 162304K, used 162072K [0x0000000080000000, 0x0000000089e80000, 0x00000000d5580000)
  object space 162304K, 99% used [0x0000000080000000,0x0000000089e46178,0x0000000089e80000)
 Metaspace       used 77307K, committed 79040K, reserved 1179648K
  class space    used 8035K, committed 8832K, reserved 1048576K
}
Event: 37.787 GC heap before
{Heap before GC invocations=214 (full 3):
 PSYoungGen      total 13824K, used 13658K [0x00000000d5580000, 0x00000000d6500000, 0x0000000100000000)
  eden space 12800K, 100% used [0x00000000d5580000,0x00000000d6200000,0x00000000d6200000)
  from space 1024K, 83% used [0x00000000d6400000,0x00000000d64d6908,0x00000000d6500000)
  to   space 1024K, 0% used [0x00000000d6300000,0x00000000d6300000,0x00000000d6400000)
 ParOldGen       total 162304K, used 162072K [0x0000000080000000, 0x0000000089e80000, 0x00000000d5580000)
  object space 162304K, 99% used [0x0000000080000000,0x0000000089e46178,0x0000000089e80000)
 Metaspace       used 78295K, committed 80064K, reserved 1179648K
  class space    used 8196K, committed 9024K, reserved 1048576K
}
Event: 37.788 GC heap after
{Heap after GC invocations=214 (full 3):
 PSYoungGen      total 13824K, used 544K [0x00000000d5580000, 0x00000000d6480000, 0x0000000100000000)
  eden space 12800K, 0% used [0x00000000d5580000,0x00000000d5580000,0x00000000d6200000)
  from space 1024K, 53% used [0x00000000d6300000,0x00000000d6388000,0x00000000d6400000)
  to   space 512K, 0% used [0x00000000d6400000,0x00000000d6400000,0x00000000d6480000)
 ParOldGen       total 162816K, used 162534K [0x0000000080000000, 0x0000000089f00000, 0x00000000d5580000)
  object space 162816K, 99% used [0x0000000080000000,0x0000000089eb9ac8,0x0000000089f00000)
 Metaspace       used 78295K, committed 80064K, reserved 1179648K
  class space    used 8196K, committed 9024K, reserved 1048576K
}
Event: 44.188 GC heap before
{Heap before GC invocations=215 (full 3):
 PSYoungGen      total 13824K, used 13344K [0x00000000d5580000, 0x00000000d6480000, 0x0000000100000000)
  eden space 12800K, 100% used [0x00000000d5580000,0x00000000d6200000,0x00000000d6200000)
  from space 1024K, 53% used [0x00000000d6300000,0x00000000d6388000,0x00000000d6400000)
  to   space 512K, 0% used [0x00000000d6400000,0x00000000d6400000,0x00000000d6480000)
 ParOldGen       total 162816K, used 162534K [0x0000000080000000, 0x0000000089f00000, 0x00000000d5580000)
  object space 162816K, 99% used [0x0000000080000000,0x0000000089eb9ac8,0x0000000089f00000)
 Metaspace       used 79561K, committed 81344K, reserved 1179648K
  class space    used 8364K, committed 9152K, reserved 1048576K
}
Event: 44.189 GC heap after
{Heap after GC invocations=215 (full 3):
 PSYoungGen      total 13312K, used 506K [0x00000000d5580000, 0x00000000d6480000, 0x0000000100000000)
  eden space 12800K, 0% used [0x00000000d5580000,0x00000000d5580000,0x00000000d6200000)
  from space 512K, 98% used [0x00000000d6400000,0x00000000d647e900,0x00000000d6480000)
  to   space 1024K, 0% used [0x00000000d6280000,0x00000000d6280000,0x00000000d6380000)
 ParOldGen       total 163328K, used 162889K [0x0000000080000000, 0x0000000089f80000, 0x00000000d5580000)
  object space 163328K, 99% used [0x0000000080000000,0x0000000089f12418,0x0000000089f80000)
 Metaspace       used 79561K, committed 81344K, reserved 1179648K
  class space    used 8364K, committed 9152K, reserved 1048576K
}
Event: 45.182 GC heap before
{Heap before GC invocations=216 (full 3):
 PSYoungGen      total 13312K, used 13306K [0x00000000d5580000, 0x00000000d6480000, 0x0000000100000000)
  eden space 12800K, 100% used [0x00000000d5580000,0x00000000d6200000,0x00000000d6200000)
  from space 512K, 98% used [0x00000000d6400000,0x00000000d647e900,0x00000000d6480000)
  to   space 1024K, 0% used [0x00000000d6280000,0x00000000d6280000,0x00000000d6380000)
 ParOldGen       total 163328K, used 162889K [0x0000000080000000, 0x0000000089f80000, 0x00000000d5580000)
  object space 163328K, 99% used [0x0000000080000000,0x0000000089f12418,0x0000000089f80000)
 Metaspace       used 79576K, committed 81344K, reserved 1179648K
  class space    used 8364K, committed 9152K, reserved 1048576K
}
Event: 45.183 GC heap after
{Heap after GC invocations=216 (full 3):
 PSYoungGen      total 13824K, used 724K [0x00000000d5580000, 0x00000000d6480000, 0x0000000100000000)
  eden space 12800K, 0% used [0x00000000d5580000,0x00000000d5580000,0x00000000d6200000)
  from space 1024K, 70% used [0x00000000d6280000,0x00000000d6335200,0x00000000d6380000)
  to   space 1024K, 0% used [0x00000000d6380000,0x00000000d6380000,0x00000000d6480000)
 ParOldGen       total 163328K, used 163323K [0x0000000080000000, 0x0000000089f80000, 0x00000000d5580000)
  object space 163328K, 99% used [0x0000000080000000,0x0000000089f7ed28,0x0000000089f80000)
 Metaspace       used 79576K, committed 81344K, reserved 1179648K
  class space    used 8364K, committed 9152K, reserved 1048576K
}
Event: 336.647 GC heap before
{Heap before GC invocations=217 (full 3):
 PSYoungGen      total 13824K, used 8567K [0x00000000d5580000, 0x00000000d6480000, 0x0000000100000000)
  eden space 12800K, 61% used [0x00000000d5580000,0x00000000d5d28b58,0x00000000d6200000)
  from space 1024K, 70% used [0x00000000d6280000,0x00000000d6335200,0x00000000d6380000)
  to   space 1024K, 0% used [0x00000000d6380000,0x00000000d6380000,0x00000000d6480000)
 ParOldGen       total 163328K, used 163323K [0x0000000080000000, 0x0000000089f80000, 0x00000000d5580000)
  object space 163328K, 99% used [0x0000000080000000,0x0000000089f7ed28,0x0000000089f80000)
 Metaspace       used 79780K, committed 81536K, reserved 1179648K
  class space    used 8378K, committed 9152K, reserved 1048576K
}
Event: 336.649 GC heap after
{Heap after GC invocations=217 (full 3):
 PSYoungGen      total 13312K, used 448K [0x00000000d5580000, 0x00000000d6400000, 0x0000000100000000)
  eden space 12800K, 0% used [0x00000000d5580000,0x00000000d5580000,0x00000000d6200000)
  from space 512K, 87% used [0x00000000d6380000,0x00000000d63f0000,0x00000000d6400000)
  to   space 1024K, 0% used [0x00000000d6200000,0x00000000d6200000,0x00000000d6300000)
 ParOldGen       total 164352K, used 163899K [0x0000000080000000, 0x000000008a080000, 0x00000000d5580000)
  object space 164352K, 99% used [0x0000000080000000,0x000000008a00ed28,0x000000008a080000)
 Metaspace       used 79780K, committed 81536K, reserved 1179648K
  class space    used 8378K, committed 9152K, reserved 1048576K
}
Event: 336.649 GC heap before
{Heap before GC invocations=218 (full 4):
 PSYoungGen      total 13312K, used 448K [0x00000000d5580000, 0x00000000d6400000, 0x0000000100000000)
  eden space 12800K, 0% used [0x00000000d5580000,0x00000000d5580000,0x00000000d6200000)
  from space 512K, 87% used [0x00000000d6380000,0x00000000d63f0000,0x00000000d6400000)
  to   space 1024K, 0% used [0x00000000d6200000,0x00000000d6200000,0x00000000d6300000)
 ParOldGen       total 164352K, used 163899K [0x0000000080000000, 0x000000008a080000, 0x00000000d5580000)
  object space 164352K, 99% used [0x0000000080000000,0x000000008a00ed28,0x000000008a080000)
 Metaspace       used 79780K, committed 81536K, reserved 1179648K
  class space    used 8378K, committed 9152K, reserved 1048576K
}
Event: 336.726 GC heap after
{Heap after GC invocations=218 (full 4):
 PSYoungGen      total 13312K, used 0K [0x00000000d5580000, 0x00000000d6400000, 0x0000000100000000)
  eden space 12800K, 0% used [0x00000000d5580000,0x00000000d5580000,0x00000000d6200000)
  from space 512K, 0% used [0x00000000d6380000,0x00000000d6380000,0x00000000d6400000)
  to   space 1024K, 0% used [0x00000000d6200000,0x00000000d6200000,0x00000000d6300000)
 ParOldGen       total 164352K, used 82910K [0x0000000080000000, 0x000000008a080000, 0x00000000d5580000)
  object space 164352K, 50% used [0x0000000080000000,0x00000000850f7848,0x000000008a080000)
 Metaspace       used 79737K, committed 81536K, reserved 1179648K
  class space    used 8366K, committed 9152K, reserved 1048576K
}
Event: 6203.880 GC heap before
{Heap before GC invocations=219 (full 4):
 PSYoungGen      total 13312K, used 12800K [0x00000000d5580000, 0x00000000d6400000, 0x0000000100000000)
  eden space 12800K, 100% used [0x00000000d5580000,0x00000000d6200000,0x00000000d6200000)
  from space 512K, 0% used [0x00000000d6380000,0x00000000d6380000,0x00000000d6400000)
  to   space 1024K, 0% used [0x00000000d6200000,0x00000000d6200000,0x00000000d6300000)
 ParOldGen       total 164352K, used 82910K [0x0000000080000000, 0x000000008a080000, 0x00000000d5580000)
  object space 164352K, 50% used [0x0000000080000000,0x00000000850f7848,0x000000008a080000)
 Metaspace       used 79942K, committed 81728K, reserved 1179648K
  class space    used 8386K, committed 9152K, reserved 1048576K
}
Event: 6203.882 GC heap after
{Heap after GC invocations=219 (full 4):
 PSYoungGen      total 13824K, used 480K [0x00000000d5580000, 0x00000000d6400000, 0x0000000100000000)
  eden space 12800K, 0% used [0x00000000d5580000,0x00000000d5580000,0x00000000d6200000)
  from space 1024K, 46% used [0x00000000d6200000,0x00000000d6278000,0x00000000d6300000)
  to   space 512K, 0% used [0x00000000d6380000,0x00000000d6380000,0x00000000d6400000)
 ParOldGen       total 164352K, used 82918K [0x0000000080000000, 0x000000008a080000, 0x00000000d5580000)
  object space 164352K, 50% used [0x0000000080000000,0x00000000850f9848,0x000000008a080000)
 Metaspace       used 79942K, committed 81728K, reserved 1179648K
  class space    used 8386K, committed 9152K, reserved 1048576K
}

