# JRE version: OpenJDK Runtime Environment Temurin-21.0.10+7 (21.0.10+7) (build 21.0.10+7-LTS)
# Java VM: OpenJDK 64-Bit Server VM Temurin-21.0.10+7 (21.0.10+7-LTS, mixed mode, sharing, tiered, compressed oops, compressed class ptrs, parallel gc, windows-amd64)
GC Precious Log:
 CardTable entry size: 512
 CPUs: 22 total, 22 available
 Memory: 32212M
 Large Page Support: Disabled
 NUMA Support: Disabled
 Compressed Oops: Enabled (32-bit)
 Alignments: Space 512K, Generation 512K, Heap 2M
 Heap Min Capacity: 100M
 Heap Initial Capacity: 100M
 Heap Max Capacity: 2G
 Pre-touch: Disabled
 Parallel Workers: 16
Heap:
 PSYoungGen      total 4096K, used 3079K [0x00000000d5580000, 0x00000000d5a80000, 0x0000000100000000)
  eden space 3072K, 78% used [0x00000000d5580000,0x00000000d57dc428,0x00000000d5880000)
  from space 1024K, 64% used [0x00000000d5880000,0x00000000d59258e8,0x00000000d5980000)
  to   space 1024K, 0% used [0x00000000d5980000,0x00000000d5980000,0x00000000d5a80000)
 ParOldGen       total 198656K, used 152194K [0x0000000080000000, 0x000000008c200000, 0x00000000d5580000)
  object space 198656K, 76% used [0x0000000080000000,0x00000000894a0908,0x000000008c200000)
 Metaspace       used 77331K, committed 78976K, reserved 1179648K
  class space    used 7804K, committed 8576K, reserved 1048576K
GC Heap History (20 events):
Event: 1617.297 GC heap before
{Heap before GC invocations=414 (full 4):
 PSYoungGen      total 3072K, used 2752K [0x00000000d5580000, 0x00000000d5980000, 0x0000000100000000)
  eden space 2048K, 100% used [0x00000000d5580000,0x00000000d5780000,0x00000000d5780000)
  from space 1024K, 68% used [0x00000000d5780000,0x00000000d5830000,0x00000000d5880000)
  to   space 1024K, 0% used [0x00000000d5880000,0x00000000d5880000,0x00000000d5980000)
 ParOldGen       total 198656K, used 148530K [0x0000000080000000, 0x000000008c200000, 0x00000000d5580000)
  object space 198656K, 74% used [0x0000000080000000,0x000000008910c9c0,0x000000008c200000)
 Metaspace       used 77195K, committed 78848K, reserved 1179648K
  class space    used 7804K, committed 8576K, reserved 1048576K
}
Event: 1617.298 GC heap after
{Heap after GC invocations=414 (full 4):
 PSYoungGen      total 3072K, used 692K [0x00000000d5580000, 0x00000000d5980000, 0x0000000100000000)
  eden space 2048K, 0% used [0x00000000d5580000,0x00000000d5580000,0x00000000d5780000)
  from space 1024K, 67% used [0x00000000d5880000,0x00000000d592d200,0x00000000d5980000)
  to   space 1024K, 0% used [0x00000000d5780000,0x00000000d5780000,0x00000000d5880000)
 ParOldGen       total 198656K, used 148966K [0x0000000080000000, 0x000000008c200000, 0x00000000d5580000)
  object space 198656K, 74% used [0x0000000080000000,0x00000000891798b0,0x000000008c200000)
 Metaspace       used 77195K, committed 78848K, reserved 1179648K
  class space    used 7804K, committed 8576K, reserved 1048576K
}
Event: 1617.302 GC heap before
{Heap before GC invocations=415 (full 4):
 PSYoungGen      total 3072K, used 2740K [0x00000000d5580000, 0x00000000d5980000, 0x0000000100000000)
  eden space 2048K, 100% used [0x00000000d5580000,0x00000000d5780000,0x00000000d5780000)
  from space 1024K, 67% used [0x00000000d5880000,0x00000000d592d200,0x00000000d5980000)
  to   space 1024K, 0% used [0x00000000d5780000,0x00000000d5780000,0x00000000d5880000)
 ParOldGen       total 198656K, used 148966K [0x0000000080000000, 0x000000008c200000, 0x00000000d5580000)
  object space 198656K, 74% used [0x0000000080000000,0x00000000891798b0,0x000000008c200000)
 Metaspace       used 77195K, committed 78848K, reserved 1179648K
  class space    used 7804K, committed 8576K, reserved 1048576K
}
Event: 1617.303 GC heap after
{Heap after GC invocations=415 (full 4):
 PSYoungGen      total 3072K, used 544K [0x00000000d5580000, 0x00000000d5980000, 0x0000000100000000)
  eden space 2048K, 0% used [0x00000000d5580000,0x00000000d5580000,0x00000000d5780000)
  from space 1024K, 53% used [0x00000000d5780000,0x00000000d5808000,0x00000000d5880000)
  to   space 1024K, 0% used [0x00000000d5880000,0x00000000d5880000,0x00000000d5980000)
 ParOldGen       total 198656K, used 149474K [0x0000000080000000, 0x000000008c200000, 0x00000000d5580000)
  object space 198656K, 75% used [0x0000000080000000,0x00000000891f8bc8,0x000000008c200000)
 Metaspace       used 77195K, committed 78848K, reserved 1179648K
  class space    used 7804K, committed 8576K, reserved 1048576K
}
Event: 1617.308 GC heap before
{Heap before GC invocations=416 (full 4):
 PSYoungGen      total 3072K, used 2592K [0x00000000d5580000, 0x00000000d5980000, 0x0000000100000000)
  eden space 2048K, 100% used [0x00000000d5580000,0x00000000d5780000,0x00000000d5780000)
  from space 1024K, 53% used [0x00000000d5780000,0x00000000d5808000,0x00000000d5880000)
  to   space 1024K, 0% used [0x00000000d5880000,0x00000000d5880000,0x00000000d5980000)
 ParOldGen       total 198656K, used 149474K [0x0000000080000000, 0x000000008c200000, 0x00000000d5580000)
  object space 198656K, 75% used [0x0000000080000000,0x00000000891f8bc8,0x000000008c200000)
 Metaspace       used 77195K, committed 78848K, reserved 1179648K
  class space    used 7804K, committed 8576K, reserved 1048576K
}
Event: 1617.313 GC heap after
{Heap after GC invocations=416 (full 4):
 PSYoungGen      total 3072K, used 608K [0x00000000d5580000, 0x00000000d5a00000, 0x0000000100000000)
  eden space 2048K, 0% used [0x00000000d5580000,0x00000000d5580000,0x00000000d5780000)
  from space 1024K, 59% used [0x00000000d5880000,0x00000000d5918000,0x00000000d5980000)
  to   space 1024K, 0% used [0x00000000d5780000,0x00000000d5780000,0x00000000d5880000)
 ParOldGen       total 198656K, used 149882K [0x0000000080000000, 0x000000008c200000, 0x00000000d5580000)
  object space 198656K, 75% used [0x0000000080000000,0x000000008925ebd8,0x000000008c200000)
 Metaspace       used 77195K, committed 78848K, reserved 1179648K
  class space    used 7804K, committed 8576K, reserved 1048576K
}
Event: 1617.318 GC heap before
{Heap before GC invocations=417 (full 4):
 PSYoungGen      total 3072K, used 2656K [0x00000000d5580000, 0x00000000d5a00000, 0x0000000100000000)
  eden space 2048K, 100% used [0x00000000d5580000,0x00000000d5780000,0x00000000d5780000)
  from space 1024K, 59% used [0x00000000d5880000,0x00000000d5918000,0x00000000d5980000)
  to   space 1024K, 0% used [0x00000000d5780000,0x00000000d5780000,0x00000000d5880000)
 ParOldGen       total 198656K, used 149882K [0x0000000080000000, 0x000000008c200000, 0x00000000d5580000)
  object space 198656K, 75% used [0x0000000080000000,0x000000008925ebd8,0x000000008c200000)
 Metaspace       used 77195K, committed 78848K, reserved 1179648K
  class space    used 7804K, committed 8576K, reserved 1048576K
}
Event: 1617.319 GC heap after
{Heap after GC invocations=417 (full 4):
 PSYoungGen      total 3072K, used 416K [0x00000000d5580000, 0x00000000d5900000, 0x0000000100000000)
  eden space 2048K, 0% used [0x00000000d5580000,0x00000000d5580000,0x00000000d5780000)
  from space 1024K, 40% used [0x00000000d5780000,0x00000000d57e8000,0x00000000d5880000)
  to   space 512K, 0% used [0x00000000d5880000,0x00000000d5880000,0x00000000d5900000)
 ParOldGen       total 198656K, used 150242K [0x0000000080000000, 0x000000008c200000, 0x00000000d5580000)
  object space 198656K, 75% used [0x0000000080000000,0x00000000892b8bf8,0x000000008c200000)
 Metaspace       used 77195K, committed 78848K, reserved 1179648K
  class space    used 7804K, committed 8576K, reserved 1048576K
}
Event: 1617.325 GC heap before
{Heap before GC invocations=418 (full 4):
 PSYoungGen      total 3072K, used 2464K [0x00000000d5580000, 0x00000000d5900000, 0x0000000100000000)
  eden space 2048K, 100% used [0x00000000d5580000,0x00000000d5780000,0x00000000d5780000)
  from space 1024K, 40% used [0x00000000d5780000,0x00000000d57e8000,0x00000000d5880000)
  to   space 512K, 0% used [0x00000000d5880000,0x00000000d5880000,0x00000000d5900000)
 ParOldGen       total 198656K, used 150242K [0x0000000080000000, 0x000000008c200000, 0x00000000d5580000)
  object space 198656K, 75% used [0x0000000080000000,0x00000000892b8bf8,0x000000008c200000)
 Metaspace       used 77195K, committed 78848K, reserved 1179648K
  class space    used 7804K, committed 8576K, reserved 1048576K
}
Event: 1617.326 GC heap after
{Heap after GC invocations=418 (full 4):
 PSYoungGen      total 2560K, used 512K [0x00000000d5580000, 0x00000000d5a00000, 0x0000000100000000)
  eden space 2048K, 0% used [0x00000000d5580000,0x00000000d5580000,0x00000000d5780000)
  from space 512K, 100% used [0x00000000d5880000,0x00000000d5900000,0x00000000d5900000)
  to   space 1024K, 0% used [0x00000000d5780000,0x00000000d5780000,0x00000000d5880000)
 ParOldGen       total 198656K, used 150418K [0x0000000080000000, 0x000000008c200000, 0x00000000d5580000)
  object space 198656K, 75% used [0x0000000080000000,0x00000000892e4bf8,0x000000008c200000)
 Metaspace       used 77195K, committed 78848K, reserved 1179648K
  class space    used 7804K, committed 8576K, reserved 1048576K
}
Event: 1617.330 GC heap before
{Heap before GC invocations=419 (full 4):
 PSYoungGen      total 2560K, used 2560K [0x00000000d5580000, 0x00000000d5a00000, 0x0000000100000000)
  eden space 2048K, 100% used [0x00000000d5580000,0x00000000d5780000,0x00000000d5780000)
  from space 512K, 100% used [0x00000000d5880000,0x00000000d5900000,0x00000000d5900000)
  to   space 1024K, 0% used [0x00000000d5780000,0x00000000d5780000,0x00000000d5880000)
 ParOldGen       total 198656K, used 150418K [0x0000000080000000, 0x000000008c200000, 0x00000000d5580000)
  object space 198656K, 75% used [0x0000000080000000,0x00000000892e4bf8,0x000000008c200000)
 Metaspace       used 77196K, committed 78848K, reserved 1179648K
  class space    used 7804K, committed 8576K, reserved 1048576K
}
Event: 1617.340 GC heap after
{Heap after GC invocations=419 (full 4):
 PSYoungGen      total 3072K, used 448K [0x00000000d5580000, 0x00000000d5a00000, 0x0000000100000000)
  eden space 2048K, 0% used [0x00000000d5580000,0x00000000d5580000,0x00000000d5780000)
  from space 1024K, 43% used [0x00000000d5780000,0x00000000d57f0000,0x00000000d5880000)
  to   space 1024K, 0% used [0x00000000d5900000,0x00000000d5900000,0x00000000d5a00000)
 ParOldGen       total 198656K, used 150663K [0x0000000080000000, 0x000000008c200000, 0x00000000d5580000)
  object space 198656K, 75% used [0x0000000080000000,0x0000000089321c28,0x000000008c200000)
 Metaspace       used 77196K, committed 78848K, reserved 1179648K
  class space    used 7804K, committed 8576K, reserved 1048576K
}
Event: 1617.346 GC heap before
{Heap before GC invocations=420 (full 4):
 PSYoungGen      total 3072K, used 2496K [0x00000000d5580000, 0x00000000d5a00000, 0x0000000100000000)
  eden space 2048K, 100% used [0x00000000d5580000,0x00000000d5780000,0x00000000d5780000)
  from space 1024K, 43% used [0x00000000d5780000,0x00000000d57f0000,0x00000000d5880000)
  to   space 1024K, 0% used [0x00000000d5900000,0x00000000d5900000,0x00000000d5a00000)
 ParOldGen       total 198656K, used 150663K [0x0000000080000000, 0x000000008c200000, 0x00000000d5580000)
  object space 198656K, 75% used [0x0000000080000000,0x0000000089321c28,0x000000008c200000)
 Metaspace       used 77206K, committed 78848K, reserved 1179648K
  class space    used 7804K, committed 8576K, reserved 1048576K
}
Event: 1617.348 GC heap after
{Heap after GC invocations=420 (full 4):
 PSYoungGen      total 3584K, used 608K [0x00000000d5580000, 0x00000000d5a00000, 0x0000000100000000)
  eden space 2560K, 0% used [0x00000000d5580000,0x00000000d5580000,0x00000000d5800000)
  from space 1024K, 59% used [0x00000000d5900000,0x00000000d5998000,0x00000000d5a00000)
  to   space 1024K, 0% used [0x00000000d5800000,0x00000000d5800000,0x00000000d5900000)
 ParOldGen       total 198656K, used 150847K [0x0000000080000000, 0x000000008c200000, 0x00000000d5580000)
  object space 198656K, 75% used [0x0000000080000000,0x000000008934fc28,0x000000008c200000)
 Metaspace       used 77206K, committed 78848K, reserved 1179648K
  class space    used 7804K, committed 8576K, reserved 1048576K
}
Event: 1617.360 GC heap before
{Heap before GC invocations=421 (full 4):
 PSYoungGen      total 3584K, used 3168K [0x00000000d5580000, 0x00000000d5a00000, 0x0000000100000000)
  eden space 2560K, 100% used [0x00000000d5580000,0x00000000d5800000,0x00000000d5800000)
  from space 1024K, 59% used [0x00000000d5900000,0x00000000d5998000,0x00000000d5a00000)
  to   space 1024K, 0% used [0x00000000d5800000,0x00000000d5800000,0x00000000d5900000)
 ParOldGen       total 198656K, used 150847K [0x0000000080000000, 0x000000008c200000, 0x00000000d5580000)
  object space 198656K, 75% used [0x0000000080000000,0x000000008934fc28,0x000000008c200000)
 Metaspace       used 77209K, committed 78848K, reserved 1179648K
  class space    used 7804K, committed 8576K, reserved 1048576K
}
Event: 1617.361 GC heap after
{Heap after GC invocations=421 (full 4):
 PSYoungGen      total 3584K, used 704K [0x00000000d5580000, 0x00000000d5a80000, 0x0000000100000000)
  eden space 2560K, 0% used [0x00000000d5580000,0x00000000d5580000,0x00000000d5800000)
  from space 1024K, 68% used [0x00000000d5800000,0x00000000d58b0000,0x00000000d5900000)
  to   space 1024K, 0% used [0x00000000d5980000,0x00000000d5980000,0x00000000d5a80000)
 ParOldGen       total 198656K, used 151183K [0x0000000080000000, 0x000000008c200000, 0x00000000d5580000)
  object space 198656K, 76% used [0x0000000080000000,0x00000000893a3c48,0x000000008c200000)
 Metaspace       used 77209K, committed 78848K, reserved 1179648K
  class space    used 7804K, committed 8576K, reserved 1048576K
}
Event: 1617.370 GC heap before
{Heap before GC invocations=422 (full 4):
 PSYoungGen      total 3584K, used 3264K [0x00000000d5580000, 0x00000000d5a80000, 0x0000000100000000)
  eden space 2560K, 100% used [0x00000000d5580000,0x00000000d5800000,0x00000000d5800000)
  from space 1024K, 68% used [0x00000000d5800000,0x00000000d58b0000,0x00000000d5900000)
  to   space 1024K, 0% used [0x00000000d5980000,0x00000000d5980000,0x00000000d5a80000)
 ParOldGen       total 198656K, used 151183K [0x0000000080000000, 0x000000008c200000, 0x00000000d5580000)
  object space 198656K, 76% used [0x0000000080000000,0x00000000893a3c48,0x000000008c200000)
 Metaspace       used 77210K, committed 78848K, reserved 1179648K
  class space    used 7804K, committed 8576K, reserved 1048576K
}
Event: 1617.371 GC heap after
{Heap after GC invocations=422 (full 4):
 PSYoungGen      total 4096K, used 864K [0x00000000d5580000, 0x00000000d5a80000, 0x0000000100000000)
  eden space 3072K, 0% used [0x00000000d5580000,0x00000000d5580000,0x00000000d5880000)
  from space 1024K, 84% used [0x00000000d5980000,0x00000000d5a58000,0x00000000d5a80000)
  to   space 1024K, 0% used [0x00000000d5880000,0x00000000d5880000,0x00000000d5980000)
 ParOldGen       total 198656K, used 151622K [0x0000000080000000, 0x000000008c200000, 0x00000000d5580000)
  object space 198656K, 76% used [0x0000000080000000,0x00000000894118d8,0x000000008c200000)
 Metaspace       used 77210K, committed 78848K, reserved 1179648K
  class space    used 7804K, committed 8576K, reserved 1048576K
}
Event: 1617.431 GC heap before
{Heap before GC invocations=423 (full 4):
 PSYoungGen      total 4096K, used 3936K [0x00000000d5580000, 0x00000000d5a80000, 0x0000000100000000)
  eden space 3072K, 100% used [0x00000000d5580000,0x00000000d5880000,0x00000000d5880000)
  from space 1024K, 84% used [0x00000000d5980000,0x00000000d5a58000,0x00000000d5a80000)
  to   space 1024K, 0% used [0x00000000d5880000,0x00000000d5880000,0x00000000d5980000)
 ParOldGen       total 198656K, used 151622K [0x0000000080000000, 0x000000008c200000, 0x00000000d5580000)
  object space 198656K, 76% used [0x0000000080000000,0x00000000894118d8,0x000000008c200000)
 Metaspace       used 77310K, committed 78976K, reserved 1179648K
  class space    used 7804K, committed 8576K, reserved 1048576K
}
Event: 1617.433 GC heap after
{Heap after GC invocations=423 (full 4):
 PSYoungGen      total 4096K, used 662K [0x00000000d5580000, 0x00000000d5a80000, 0x0000000100000000)
  eden space 3072K, 0% used [0x00000000d5580000,0x00000000d5580000,0x00000000d5880000)
  from space 1024K, 64% used [0x00000000d5880000,0x00000000d59258e8,0x00000000d5980000)
  to   space 1024K, 0% used [0x00000000d5980000,0x00000000d5980000,0x00000000d5a80000)
 ParOldGen       total 198656K, used 152194K [0x0000000080000000, 0x000000008c200000, 0x00000000d5580000)
  object space 198656K, 76% used [0x0000000080000000,0x00000000894a0908,0x000000008c200000)
 Metaspace       used 77310K, committed 78976K, reserved 1179648K
  class space    used 7804K, committed 8576K, reserved 1048576K
}

