# JRE version: OpenJDK Runtime Environment Temurin-21.0.8+9 (21.0.8+9) (build 21.0.8+9-LTS)
# Java VM: OpenJDK 64-Bit Server VM Temurin-21.0.8+9 (21.0.8+9-LTS, mixed mode, sharing, tiered, compressed oops, compressed class ptrs, parallel gc, windows-amd64)
GC Precious Log:
 CardTable entry size: 512
 CPUs: 16 total, 16 available
 Memory: 16099M
 Large Page Support: Disabled
 NUMA Support: Disabled
 Compressed Oops: Enabled (32-bit)
 Alignments: Space 512K, Generation 512K, Heap 2M
 Heap Min Capacity: 100M
 Heap Initial Capacity: 100M
 Heap Max Capacity: 2G
 Pre-touch: Disabled
 Parallel Workers: 13
Heap:
 PSYoungGen      total 22528K, used 16545K [0x00000000d5580000, 0x00000000d6f00000, 0x0000000100000000)
  eden space 19968K, 71% used [0x00000000d5580000,0x00000000d6365068,0x00000000d6900000)
  from space 2560K, 90% used [0x00000000d6900000,0x00000000d6b43510,0x00000000d6b80000)
  to   space 3072K, 0% used [0x00000000d6c00000,0x00000000d6c00000,0x00000000d6f00000)
 ParOldGen       total 68608K, used 33319K [0x0000000080000000, 0x0000000084300000, 0x00000000d5580000)
  object space 68608K, 48% used [0x0000000080000000,0x0000000082089fe8,0x0000000084300000)
 Metaspace       used 53938K, committed 55232K, reserved 1114112K
  class space    used 5846K, committed 6400K, reserved 1048576K
GC Heap History (20 events):
Event: 3.537 GC heap before
{Heap before GC invocations=22 (full 2):
 PSYoungGen      total 23552K, used 23528K [0x00000000d5580000, 0x00000000d7200000, 0x0000000100000000)
  eden space 22016K, 100% used [0x00000000d5580000,0x00000000d6b00000,0x00000000d6b00000)
  from space 1536K, 98% used [0x00000000d6b80000,0x00000000d6cfa038,0x00000000d6d00000)
  to   space 3584K, 0% used [0x00000000d6e80000,0x00000000d6e80000,0x00000000d7200000)
 ParOldGen       total 68608K, used 21730K [0x0000000080000000, 0x0000000084300000, 0x00000000d5580000)
  object space 68608K, 31% used [0x0000000080000000,0x0000000081538b70,0x0000000084300000)
 Metaspace       used 49537K, committed 50624K, reserved 1114112K
  class space    used 5418K, committed 5888K, reserved 1048576K
}
Event: 3.539 GC heap after
{Heap after GC invocations=22 (full 2):
 PSYoungGen      total 24576K, used 2265K [0x00000000d5580000, 0x00000000d7100000, 0x0000000100000000)
  eden space 22016K, 0% used [0x00000000d5580000,0x00000000d5580000,0x00000000d6b00000)
  from space 2560K, 88% used [0x00000000d6e80000,0x00000000d70b65e0,0x00000000d7100000)
  to   space 2560K, 0% used [0x00000000d6c00000,0x00000000d6c00000,0x00000000d6e80000)
 ParOldGen       total 68608K, used 22894K [0x0000000080000000, 0x0000000084300000, 0x00000000d5580000)
  object space 68608K, 33% used [0x0000000080000000,0x000000008165bbd8,0x0000000084300000)
 Metaspace       used 49537K, committed 50624K, reserved 1114112K
  class space    used 5418K, committed 5888K, reserved 1048576K
}
Event: 6.009 GC heap before
{Heap before GC invocations=23 (full 2):
 PSYoungGen      total 24576K, used 24281K [0x00000000d5580000, 0x00000000d7100000, 0x0000000100000000)
  eden space 22016K, 99% used [0x00000000d5580000,0x00000000d6affff8,0x00000000d6b00000)
  from space 2560K, 88% used [0x00000000d6e80000,0x00000000d70b65e0,0x00000000d7100000)
  to   space 2560K, 0% used [0x00000000d6c00000,0x00000000d6c00000,0x00000000d6e80000)
 ParOldGen       total 68608K, used 22894K [0x0000000080000000, 0x0000000084300000, 0x00000000d5580000)
  object space 68608K, 33% used [0x0000000080000000,0x000000008165bbd8,0x0000000084300000)
 Metaspace       used 49913K, committed 51072K, reserved 1114112K
  class space    used 5446K, committed 5952K, reserved 1048576K
}
Event: 6.010 GC heap after
{Heap after GC invocations=23 (full 2):
 PSYoungGen      total 24064K, used 1675K [0x00000000d5580000, 0x00000000d6f00000, 0x0000000100000000)
  eden space 22016K, 0% used [0x00000000d5580000,0x00000000d5580000,0x00000000d6b00000)
  from space 2048K, 81% used [0x00000000d6c00000,0x00000000d6da2f90,0x00000000d6e00000)
  to   space 1024K, 0% used [0x00000000d6e00000,0x00000000d6e00000,0x00000000d6f00000)
 ParOldGen       total 68608K, used 24902K [0x0000000080000000, 0x0000000084300000, 0x00000000d5580000)
  object space 68608K, 36% used [0x0000000080000000,0x0000000081851bb0,0x0000000084300000)
 Metaspace       used 49913K, committed 51072K, reserved 1114112K
  class space    used 5446K, committed 5952K, reserved 1048576K
}
Event: 6.035 GC heap before
{Heap before GC invocations=24 (full 2):
 PSYoungGen      total 24064K, used 23691K [0x00000000d5580000, 0x00000000d6f00000, 0x0000000100000000)
  eden space 22016K, 100% used [0x00000000d5580000,0x00000000d6b00000,0x00000000d6b00000)
  from space 2048K, 81% used [0x00000000d6c00000,0x00000000d6da2f90,0x00000000d6e00000)
  to   space 1024K, 0% used [0x00000000d6e00000,0x00000000d6e00000,0x00000000d6f00000)
 ParOldGen       total 68608K, used 24902K [0x0000000080000000, 0x0000000084300000, 0x00000000d5580000)
  object space 68608K, 36% used [0x0000000080000000,0x0000000081851bb0,0x0000000084300000)
 Metaspace       used 49952K, committed 51072K, reserved 1114112K
  class space    used 5446K, committed 5952K, reserved 1048576K
}
Event: 6.036 GC heap after
{Heap after GC invocations=24 (full 2):
 PSYoungGen      total 22016K, used 1024K [0x00000000d5580000, 0x00000000d7300000, 0x0000000100000000)
  eden space 20992K, 0% used [0x00000000d5580000,0x00000000d5580000,0x00000000d6a00000)
  from space 1024K, 100% used [0x00000000d6e00000,0x00000000d6f00000,0x00000000d6f00000)
  to   space 4096K, 0% used [0x00000000d6a00000,0x00000000d6a00000,0x00000000d6e00000)
 ParOldGen       total 68608K, used 27398K [0x0000000080000000, 0x0000000084300000, 0x00000000d5580000)
  object space 68608K, 39% used [0x0000000080000000,0x0000000081ac1968,0x0000000084300000)
 Metaspace       used 49952K, committed 51072K, reserved 1114112K
  class space    used 5446K, committed 5952K, reserved 1048576K
}
Event: 6.088 GC heap before
{Heap before GC invocations=25 (full 2):
 PSYoungGen      total 22016K, used 22016K [0x00000000d5580000, 0x00000000d7300000, 0x0000000100000000)
  eden space 20992K, 100% used [0x00000000d5580000,0x00000000d6a00000,0x00000000d6a00000)
  from space 1024K, 100% used [0x00000000d6e00000,0x00000000d6f00000,0x00000000d6f00000)
  to   space 4096K, 0% used [0x00000000d6a00000,0x00000000d6a00000,0x00000000d6e00000)
 ParOldGen       total 68608K, used 27398K [0x0000000080000000, 0x0000000084300000, 0x00000000d5580000)
  object space 68608K, 39% used [0x0000000080000000,0x0000000081ac1968,0x0000000084300000)
 Metaspace       used 50002K, committed 51136K, reserved 1114112K
  class space    used 5452K, committed 5952K, reserved 1048576K
}
Event: 6.088 GC heap after
{Heap after GC invocations=25 (full 2):
 PSYoungGen      total 22528K, used 1104K [0x00000000d5580000, 0x00000000d6e80000, 0x0000000100000000)
  eden space 20992K, 0% used [0x00000000d5580000,0x00000000d5580000,0x00000000d6a00000)
  from space 1536K, 71% used [0x00000000d6a00000,0x00000000d6b14010,0x00000000d6b80000)
  to   space 2048K, 0% used [0x00000000d6c80000,0x00000000d6c80000,0x00000000d6e80000)
 ParOldGen       total 68608K, used 27678K [0x0000000080000000, 0x0000000084300000, 0x00000000d5580000)
  object space 68608K, 40% used [0x0000000080000000,0x0000000081b07968,0x0000000084300000)
 Metaspace       used 50002K, committed 51136K, reserved 1114112K
  class space    used 5452K, committed 5952K, reserved 1048576K
}
Event: 6.142 GC heap before
{Heap before GC invocations=26 (full 2):
 PSYoungGen      total 22528K, used 22096K [0x00000000d5580000, 0x00000000d6e80000, 0x0000000100000000)
  eden space 20992K, 100% used [0x00000000d5580000,0x00000000d6a00000,0x00000000d6a00000)
  from space 1536K, 71% used [0x00000000d6a00000,0x00000000d6b14010,0x00000000d6b80000)
  to   space 2048K, 0% used [0x00000000d6c80000,0x00000000d6c80000,0x00000000d6e80000)
 ParOldGen       total 68608K, used 27678K [0x0000000080000000, 0x0000000084300000, 0x00000000d5580000)
  object space 68608K, 40% used [0x0000000080000000,0x0000000081b07968,0x0000000084300000)
 Metaspace       used 50191K, committed 51328K, reserved 1114112K
  class space    used 5471K, committed 5952K, reserved 1048576K
}
Event: 6.143 GC heap after
{Heap after GC invocations=26 (full 2):
 PSYoungGen      total 21504K, used 492K [0x00000000d5580000, 0x00000000d6d00000, 0x0000000100000000)
  eden space 20992K, 0% used [0x00000000d5580000,0x00000000d5580000,0x00000000d6a00000)
  from space 512K, 96% used [0x00000000d6c80000,0x00000000d6cfb0a8,0x00000000d6d00000)
  to   space 1024K, 0% used [0x00000000d6b00000,0x00000000d6b00000,0x00000000d6c00000)
 ParOldGen       total 68608K, used 28370K [0x0000000080000000, 0x0000000084300000, 0x00000000d5580000)
  object space 68608K, 41% used [0x0000000080000000,0x0000000081bb4888,0x0000000084300000)
 Metaspace       used 50191K, committed 51328K, reserved 1114112K
  class space    used 5471K, committed 5952K, reserved 1048576K
}
Event: 7.425 GC heap before
{Heap before GC invocations=27 (full 2):
 PSYoungGen      total 21504K, used 21484K [0x00000000d5580000, 0x00000000d6d00000, 0x0000000100000000)
  eden space 20992K, 99% used [0x00000000d5580000,0x00000000d69ffff0,0x00000000d6a00000)
  from space 512K, 96% used [0x00000000d6c80000,0x00000000d6cfb0a8,0x00000000d6d00000)
  to   space 1024K, 0% used [0x00000000d6b00000,0x00000000d6b00000,0x00000000d6c00000)
 ParOldGen       total 68608K, used 28370K [0x0000000080000000, 0x0000000084300000, 0x00000000d5580000)
  object space 68608K, 41% used [0x0000000080000000,0x0000000081bb4888,0x0000000084300000)
 Metaspace       used 50884K, committed 52032K, reserved 1114112K
  class space    used 5540K, committed 6016K, reserved 1048576K
}
Event: 7.427 GC heap after
{Heap after GC invocations=27 (full 2):
 PSYoungGen      total 22016K, used 589K [0x00000000d5580000, 0x00000000d6d00000, 0x0000000100000000)
  eden space 20992K, 0% used [0x00000000d5580000,0x00000000d5580000,0x00000000d6a00000)
  from space 1024K, 57% used [0x00000000d6b00000,0x00000000d6b93500,0x00000000d6c00000)
  to   space 1024K, 0% used [0x00000000d6c00000,0x00000000d6c00000,0x00000000d6d00000)
 ParOldGen       total 68608K, used 28614K [0x0000000080000000, 0x0000000084300000, 0x00000000d5580000)
  object space 68608K, 41% used [0x0000000080000000,0x0000000081bf1930,0x0000000084300000)
 Metaspace       used 50884K, committed 52032K, reserved 1114112K
  class space    used 5540K, committed 6016K, reserved 1048576K
}
Event: 7.670 GC heap before
{Heap before GC invocations=28 (full 2):
 PSYoungGen      total 22016K, used 21581K [0x00000000d5580000, 0x00000000d6d00000, 0x0000000100000000)
  eden space 20992K, 100% used [0x00000000d5580000,0x00000000d6a00000,0x00000000d6a00000)
  from space 1024K, 57% used [0x00000000d6b00000,0x00000000d6b93500,0x00000000d6c00000)
  to   space 1024K, 0% used [0x00000000d6c00000,0x00000000d6c00000,0x00000000d6d00000)
 ParOldGen       total 68608K, used 28614K [0x0000000080000000, 0x0000000084300000, 0x00000000d5580000)
  object space 68608K, 41% used [0x0000000080000000,0x0000000081bf1930,0x0000000084300000)
 Metaspace       used 50938K, committed 52032K, reserved 1114112K
  class space    used 5548K, committed 6016K, reserved 1048576K
}
Event: 7.671 GC heap after
{Heap after GC invocations=28 (full 2):
 PSYoungGen      total 21504K, used 443K [0x00000000d5580000, 0x00000000d6c80000, 0x0000000100000000)
  eden space 20992K, 0% used [0x00000000d5580000,0x00000000d5580000,0x00000000d6a00000)
  from space 512K, 86% used [0x00000000d6c00000,0x00000000d6c6ee28,0x00000000d6c80000)
  to   space 512K, 0% used [0x00000000d6b80000,0x00000000d6b80000,0x00000000d6c00000)
 ParOldGen       total 68608K, used 29030K [0x0000000080000000, 0x0000000084300000, 0x00000000d5580000)
  object space 68608K, 42% used [0x0000000080000000,0x0000000081c59ab0,0x0000000084300000)
 Metaspace       used 50938K, committed 52032K, reserved 1114112K
  class space    used 5548K, committed 6016K, reserved 1048576K
}
Event: 7.936 GC heap before
{Heap before GC invocations=29 (full 2):
 PSYoungGen      total 21504K, used 21435K [0x00000000d5580000, 0x00000000d6c80000, 0x0000000100000000)
  eden space 20992K, 100% used [0x00000000d5580000,0x00000000d6a00000,0x00000000d6a00000)
  from space 512K, 86% used [0x00000000d6c00000,0x00000000d6c6ee28,0x00000000d6c80000)
  to   space 512K, 0% used [0x00000000d6b80000,0x00000000d6b80000,0x00000000d6c00000)
 ParOldGen       total 68608K, used 29030K [0x0000000080000000, 0x0000000084300000, 0x00000000d5580000)
  object space 68608K, 42% used [0x0000000080000000,0x0000000081c59ab0,0x0000000084300000)
 Metaspace       used 52592K, committed 53760K, reserved 1114112K
  class space    used 5722K, committed 6208K, reserved 1048576K
}
Event: 7.937 GC heap after
{Heap after GC invocations=29 (full 2):
 PSYoungGen      total 21504K, used 512K [0x00000000d5580000, 0x00000000d6f00000, 0x0000000100000000)
  eden space 20992K, 0% used [0x00000000d5580000,0x00000000d5580000,0x00000000d6a00000)
  from space 512K, 100% used [0x00000000d6b80000,0x00000000d6c00000,0x00000000d6c00000)
  to   space 2560K, 0% used [0x00000000d6c80000,0x00000000d6c80000,0x00000000d6f00000)
 ParOldGen       total 68608K, used 30391K [0x0000000080000000, 0x0000000084300000, 0x00000000d5580000)
  object space 68608K, 44% used [0x0000000080000000,0x0000000081dadf60,0x0000000084300000)
 Metaspace       used 52592K, committed 53760K, reserved 1114112K
  class space    used 5722K, committed 6208K, reserved 1048576K
}
Event: 8.857 GC heap before
{Heap before GC invocations=30 (full 2):
 PSYoungGen      total 21504K, used 21504K [0x00000000d5580000, 0x00000000d6f00000, 0x0000000100000000)
  eden space 20992K, 100% used [0x00000000d5580000,0x00000000d6a00000,0x00000000d6a00000)
  from space 512K, 100% used [0x00000000d6b80000,0x00000000d6c00000,0x00000000d6c00000)
  to   space 2560K, 0% used [0x00000000d6c80000,0x00000000d6c80000,0x00000000d6f00000)
 ParOldGen       total 68608K, used 30391K [0x0000000080000000, 0x0000000084300000, 0x00000000d5580000)
  object space 68608K, 44% used [0x0000000080000000,0x0000000081dadf60,0x0000000084300000)
 Metaspace       used 53193K, committed 54464K, reserved 1114112K
  class space    used 5770K, committed 6336K, reserved 1048576K
}
Event: 8.858 GC heap after
{Heap after GC invocations=30 (full 2):
 PSYoungGen      total 22528K, used 2528K [0x00000000d5580000, 0x00000000d7100000, 0x0000000100000000)
  eden space 19968K, 0% used [0x00000000d5580000,0x00000000d5580000,0x00000000d6900000)
  from space 2560K, 98% used [0x00000000d6c80000,0x00000000d6ef8020,0x00000000d6f00000)
  to   space 3584K, 0% used [0x00000000d6900000,0x00000000d6900000,0x00000000d6c80000)
 ParOldGen       total 68608K, used 30915K [0x0000000080000000, 0x0000000084300000, 0x00000000d5580000)
  object space 68608K, 45% used [0x0000000080000000,0x0000000081e30d58,0x0000000084300000)
 Metaspace       used 53193K, committed 54464K, reserved 1114112K
  class space    used 5770K, committed 6336K, reserved 1048576K
}
Event: 10.021 GC heap before
{Heap before GC invocations=31 (full 2):
 PSYoungGen      total 22528K, used 22496K [0x00000000d5580000, 0x00000000d7100000, 0x0000000100000000)
  eden space 19968K, 100% used [0x00000000d5580000,0x00000000d6900000,0x00000000d6900000)
  from space 2560K, 98% used [0x00000000d6c80000,0x00000000d6ef8020,0x00000000d6f00000)
  to   space 3584K, 0% used [0x00000000d6900000,0x00000000d6900000,0x00000000d6c80000)
 ParOldGen       total 68608K, used 30915K [0x0000000080000000, 0x0000000084300000, 0x00000000d5580000)
  object space 68608K, 45% used [0x0000000080000000,0x0000000081e30d58,0x0000000084300000)
 Metaspace       used 53530K, committed 54784K, reserved 1114112K
  class space    used 5794K, committed 6336K, reserved 1048576K
}
Event: 10.023 GC heap after
{Heap after GC invocations=31 (full 2):
 PSYoungGen      total 22528K, used 2317K [0x00000000d5580000, 0x00000000d6f00000, 0x0000000100000000)
  eden space 19968K, 0% used [0x00000000d5580000,0x00000000d5580000,0x00000000d6900000)
  from space 2560K, 90% used [0x00000000d6900000,0x00000000d6b43510,0x00000000d6b80000)
  to   space 3072K, 0% used [0x00000000d6c00000,0x00000000d6c00000,0x00000000d6f00000)
 ParOldGen       total 68608K, used 33319K [0x0000000080000000, 0x0000000084300000, 0x00000000d5580000)
  object space 68608K, 48% used [0x0000000080000000,0x0000000082089fe8,0x0000000084300000)
 Metaspace       used 53530K, committed 54784K, reserved 1114112K
  class space    used 5794K, committed 6336K, reserved 1048576K
}

